[00:44:15] This is prokka 1.14.6
[00:44:15] Written by Torsten Seemann <torsten.seemann@gmail.com>
[00:44:15] Homepage is https://github.com/tseemann/prokka
[00:44:15] Local time is Mon Nov  7 00:44:15 2022
[00:44:15] You are not telling me who you are!
[00:44:15] Operating system is linux
[00:44:15] You have BioPerl 1.7.8
[00:44:15] System has 80 cores.
[00:44:15] Will use maximum of 8 cores.
[00:44:15] Annotating as >>> Bacteria <<<
[00:44:15] Generating locus_tag from '01_assembly/spades-anc/scaffolds.fasta' contents.
[00:44:15] Setting --locustag IJHIFDAB from MD5 2312fdabe5d6ca9d2c321a1043512c46
[00:44:15] Creating new output folder: 03_annotation/prokka_anc
[00:44:15] Running: mkdir -p 03_annotation\/prokka_anc
[00:44:15] Using filename prefix: PROKKA_11072022.XXX
[00:44:15] Setting HMMER_NCPU=1
[00:44:15] Writing log to: 03_annotation/prokka_anc/PROKKA_11072022.log
[00:44:15] Command: /opt/conda/envs/prokka/bin/prokka --kingdom Bacteria --genus Escherichia --species coli --outdir 03_annotation/prokka_anc 01_assembly/spades-anc/scaffolds.fasta
[00:44:15] Appending to PATH: /opt/conda/envs/prokka/bin
[00:44:15] Looking for 'aragorn' - found /opt/conda/envs/prokka/bin/aragorn
[00:44:15] Determined aragorn version is 001002 from 'ARAGORN v1.2.41 Dean Laslett'
[00:44:15] Looking for 'barrnap' - found /opt/conda/envs/prokka/bin/barrnap
[00:44:15] Determined barrnap version is 000009 from 'barrnap 0.9'
[00:44:15] Looking for 'blastp' - found /opt/conda/envs/prokka/bin/blastp
[00:44:15] Determined blastp version is 002013 from 'blastp: 2.13.0+'
[00:44:15] Looking for 'cmpress' - found /opt/conda/envs/prokka/bin/cmpress
[00:44:15] Determined cmpress version is 001001 from '# INFERNAL 1.1.4 (Dec 2020)'
[00:44:15] Looking for 'cmscan' - found /opt/conda/envs/prokka/bin/cmscan
[00:44:15] Determined cmscan version is 001001 from '# INFERNAL 1.1.4 (Dec 2020)'
[00:44:15] Looking for 'egrep' - found /usr/bin/egrep
[00:44:15] Looking for 'find' - found /usr/bin/find
[00:44:15] Looking for 'grep' - found /usr/bin/grep
[00:44:15] Looking for 'hmmpress' - found /opt/conda/envs/prokka/bin/hmmpress
[00:44:15] Determined hmmpress version is 003003 from '# HMMER 3.3.2 (Nov 2020); http://hmmer.org/'
[00:44:15] Looking for 'hmmscan' - found /opt/conda/envs/prokka/bin/hmmscan
[00:44:15] Determined hmmscan version is 003003 from '# HMMER 3.3.2 (Nov 2020); http://hmmer.org/'
[00:44:15] Looking for 'java' - found /opt/conda/envs/prokka/bin/java
[00:44:15] Looking for 'makeblastdb' - found /opt/conda/envs/prokka/bin/makeblastdb
[00:44:15] Determined makeblastdb version is 002013 from 'makeblastdb: 2.13.0+'
[00:44:15] Looking for 'minced' - found /opt/conda/envs/prokka/bin/minced
[00:44:15] Determined minced version is 004002 from 'minced 0.4.2'
[00:44:15] Looking for 'parallel' - found /opt/conda/envs/prokka/bin/parallel
[00:44:15] Determined parallel version is 20220922 from 'GNU parallel 20220922'
[00:44:15] Looking for 'prodigal' - found /opt/conda/envs/prokka/bin/prodigal
[00:44:15] Determined prodigal version is 002006 from 'Prodigal V2.6.3: February, 2016'
[00:44:15] Looking for 'prokka-genbank_to_fasta_db' - found /opt/conda/envs/prokka/bin/prokka-genbank_to_fasta_db
[00:44:15] Looking for 'sed' - found /opt/conda/bin/sed
[00:44:15] Looking for 'tbl2asn' - found /opt/conda/envs/prokka/bin/tbl2asn
[00:44:16] Determined tbl2asn version is 025007 from 'tbl2asn 25.7   arguments:'
[00:44:16] Using genetic code table 11.
[00:44:16] Loading and checking input file: 01_assembly/spades-anc/scaffolds.fasta
[00:44:16] Wrote 317 contigs totalling 4554693 bp.
[00:44:16] Predicting tRNAs and tmRNAs
[00:44:16] Running: aragorn -l -gc11  -w 03_annotation\/prokka_anc\/PROKKA_11072022\.fna
[00:44:18] 1 tRNA-Ser [61849,61936] 35 (tga)
[00:44:18] 1 tRNA-Gly c[895,968] 33 (ccc)
[00:44:18] 2 tRNA-Phe [112177,112252] 34 (gaa)
[00:44:18] 1 tRNA-Gly c[35401,35476] 34 (gcc)
[00:44:18] 2 tRNA-Gly c[35513,35588] 34 (gcc)
[00:44:18] 3 tRNA-Phe [64756,64831] 34 (gaa)
[00:44:18] 1 tRNA-Leu [73534,73618] 35 (caa)
[00:44:18] 1 tRNA-Met c[45451,45527] 35 (cat)
[00:44:18] 2 tRNA-Leu c[49310,49396] 35 (gag)
[00:44:18] 1 tRNA-Met [77660,77735] 34 (cat)
[00:44:18] 1 tRNA-Tyr [35379,35463] 35 (gta)
[00:44:18] 1 tRNA-Ser c[723,810] 35 (gga)
[00:44:18] 1 tRNA-Lys [-1,75] 34 (ttt)
[00:44:18] 2 tRNA-Lys [208,283] 34 (ttt)
[00:44:18] 1 tRNA-Pro c[16277,16353] 35 (ggg)
[00:44:18] 1 tRNA-Leu [15320,15406] 35 (cag)
[00:44:18] 1 tRNA-SeC [32969,33063] 35 (tca)
[00:44:18] 1 tRNA-Thr [2669,2744] 34 (cgt)
[00:44:18] 1 tRNA-Asp [-1,76] 35 (gtc)
[00:44:18] 2 tRNA-Asp [8003,8079] 35 (gtc)
[00:44:18] 3 tRNA-Trp [8088,8163] 34 (cca)
[00:44:18] 4 tRNA-Arg [43506,43582] 35 (ccg)
[00:44:18] 5 tRNA-His [43641,43716] 34 (gtg)
[00:44:18] 6 tRNA-Leu [43737,43823] 35 (cag)
[00:44:18] 7 tRNA-Pro [43866,43942] 35 (tgg)
[00:44:18] 1 tRNA-Val c[8122,8198] 35 (gac)
[00:44:18] 2 tRNA-Val c[8203,8279] 35 (gac)
[00:44:18] 1 tRNA-Met [1,77] 35 (cat)
[00:44:18] 1 tRNA-Ser c[34984,35064] 38 (gga)
[00:44:18] 1 tRNA-Asn c[-2,71] 34 (gtt)
[00:44:18] 2 tRNA-Asn [1820,1895] 34 (gtt)
[00:44:18] 3 tRNA-Asn [4229,4304] 34 (gtt)
[00:44:19] 1 tRNA-Arg [27082,27158] 35 (tct)
[00:44:19] 1 tmRNA c[5434,5796] 90,125 ANDENYALAA**
[00:44:19] 1 tRNA-Ala c[26193,26268] 34 (ggc)
[00:44:19] 2 tRNA-Val [28968,29043] 34 (tac)
[00:44:19] 1 tRNA-Pro [12018,12094] 35 (cgg)
[00:44:19] 1 tRNA-Ser [11879,11971] 35 (gct)
[00:44:19] 2 tRNA-Arg [11975,12050] 35 (acg)
[00:44:19] 1 tRNA-Ser c[7504,7593] 35 (cga)
[00:44:19] 2 tRNA-Asn [8585,8660] 34 (gtt)
[00:44:19] 1 tRNA-Met [5085,5161] 35 (cat)
[00:44:19] 2 tRNA-Met [5261,5337] 35 (cat)
[00:44:19] 3 tRNA-Gln [5385,5459] 33 (ctg)
[00:44:19] 1 tRNA-Arg c[13923,13997] 34 (cct)
[00:44:19] 1 tRNA-Lys c[2,77] 34 (ttt)
[00:44:19] 1 tRNA-Leu c[3185,3271] 35 (taa)
[00:44:19] 2 tRNA-Cys c[3284,3357] 33 (gca)
[00:44:19] 3 tRNA-Gly c[3411,3486] 34 (gcc)
[00:44:19] 1 tRNA-Thr [3529,3604] 34 (tgt)
[00:44:19] 2 tRNA-Tyr [3613,3697] 35 (gta)
[00:44:19] 3 tRNA-Gly [3814,3888] 34 (tcc)
[00:44:19] 4 tRNA-Thr [3895,3970] 34 (ggt)
[00:44:19] 1 tRNA-Ala c[516,591] 34 (tgc)
[00:44:19] 2 tRNA-Ile c[634,710] 35 (gat)
[00:44:19] 1 tRNA-Asn [-3,73] 34 (gtt)
[00:44:19] 1 tRNA-Arg [252,323] 34 (tcg)
[00:44:19] 1 tRNA-Glu [119,194] 35 (ttc)
[00:44:19] 1 tRNA-Lys [2,77] 34 (ttt)
[00:44:19] 2 tRNA-Lys [224,299] 34 (ttt)
[00:44:19] 1 tRNA-Val c[2,77] 34 (tac)
[00:44:19] 2 tRNA-Lys c[213,288] 34 (ttt)
[00:44:19] 1 tRNA-Thr c[127,202] 34 (ggt)
[00:44:19] 1 tRNA-Gln c[3,77] 33 (ttg)
[00:44:19] 2 tRNA-Leu c[101,185] 35 (tag)
[00:44:19] 3 tRNA-Met c[194,270] 35 (cat)
[00:44:19] 1 tRNA-Lys [2,77] 34 (ttt)
[00:44:19] 2 tRNA-Val [129,204] 34 (tac)
[00:44:19] 1 tRNA-Asp c[1,77] 35 (gtc)
[00:44:19] 1 tRNA-Gln [1,75] 33 (ttg)
[00:44:19] 2 tRNA-Gln [110,184] 33 (ttg)
[00:44:19] 1 tRNA-Met c[1,76] 35 (cat)
[00:44:19] 2 tRNA-Gln c[92,166] 33 (ttg)
[00:44:19] 1 tRNA-Lys c[1,76] 34 (ttt)
[00:44:19] 2 tRNA-Val c[81,156] 34 (tac)
[00:44:19] 1 tRNA-Lys c[1,76] 34 (ttt)
[00:44:19] 2 tRNA-Val c[79,154] 34 (tac)
[00:44:19] 1 tRNA-Arg [10,85] 35 (acg)
[00:44:19] 1 tRNA-Arg [2,78] 35 (acg)
[00:44:19] 1 tRNA-Met c[1,77] 35 (cat)
[00:44:19] 1 tRNA-Lys c[2,77] 34 (ttt)
[00:44:19] Found 81 tRNAs
[00:44:19] Predicting Ribosomal RNAs
[00:44:19] Running Barrnap with 8 threads
[00:44:22] 1 NODE_148_length_2654_cov_50.980210 21 23S ribosomal RNA
[00:44:22] 2 NODE_181_length_791_cov_55.039216 8 16S ribosomal RNA (partial)
[00:44:22] 3 NODE_188_length_548_cov_59.278132 46 16S ribosomal RNA (partial)
[00:44:22] 4 NODE_212_length_285_cov_5.831731 6 5S ribosomal RNA (partial)
[00:44:22] 5 NODE_291_length_135_cov_42.655172 10 5S ribosomal RNA
[00:44:22] Found 5 rRNAs
[00:44:22] Skipping ncRNA search, enable with --rfam if desired.
[00:44:22] Total of 85 tRNA + rRNA features
[00:44:22] Searching for CRISPR repeats
[00:44:22] CRISPR1 NODE_30_length_47580_cov_6.795718 97 with 5 spacers
[00:44:22] CRISPR2 NODE_45_length_34678_cov_6.758360 4931 with 14 spacers
[00:44:23] Found 2 CRISPRs
[00:44:23] Predicting coding sequences
[00:44:23] Contigs total 4554693 bp, so using single mode
[00:44:23] Running: prodigal -i 03_annotation\/prokka_anc\/PROKKA_11072022\.fna -c -m -g 11 -p single -f sco -q
[00:44:38] Excluding CDS which overlaps existing RNA (repeat_region) at NODE_45_length_34678_cov_6.758360:4927..5775 on + strand
[00:44:39] Excluding CDS which overlaps existing RNA (tRNA) at NODE_81_length_17930_cov_6.662354:5370..5462 on - strand
[00:44:40] Excluding CDS which overlaps existing RNA (rRNA) at NODE_188_length_548_cov_59.278132:145..399 on - strand
[00:44:40] Found 4194 CDS
[00:44:40] Connecting features back to sequences
[00:44:40] Not using genus-specific database. Try --usegenus to enable it.
[00:44:40] Annotating CDS, please be patient.
[00:44:40] Will use 8 CPUs for similarity searching.
[00:44:43] There are still 4194 unannotated CDS left (started with 4194)
[00:44:43] Will use blast to search against /opt/conda/envs/prokka/db/kingdom/Bacteria/IS with 8 CPUs
[00:44:43] Running: cat 03_annotation\/prokka_anc\/PROKKA_11072022\.IS\.tmp\.57839\.faa | parallel --gnu --plain -j 8 --block 84091 --recstart '>' --pipe blastp -query - -db /opt/conda/envs/prokka/db/kingdom/Bacteria/IS -evalue 1e-30 -qcov_hsp_perc 90 -num_threads 1 -num_descriptions 1 -num_alignments 1 -seg no > 03_annotation\/prokka_anc\/PROKKA_11072022\.IS\.tmp\.57839\.blast 2> /dev/null
[00:45:07] Deleting unwanted file: 03_annotation/prokka_anc/PROKKA_11072022.IS.tmp.57839.faa
[00:45:07] Deleting unwanted file: 03_annotation/prokka_anc/PROKKA_11072022.IS.tmp.57839.blast
[00:45:10] There are still 4165 unannotated CDS left (started with 4194)
[00:45:10] Will use blast to search against /opt/conda/envs/prokka/db/kingdom/Bacteria/AMR with 8 CPUs
[00:45:10] Running: cat 03_annotation\/prokka_anc\/PROKKA_11072022\.AMR\.tmp\.57839\.faa | parallel --gnu --plain -j 8 --block 83665 --recstart '>' --pipe blastp -query - -db /opt/conda/envs/prokka/db/kingdom/Bacteria/AMR -evalue 1e-300 -qcov_hsp_perc 90 -num_threads 1 -num_descriptions 1 -num_alignments 1 -seg no > 03_annotation\/prokka_anc\/PROKKA_11072022\.AMR\.tmp\.57839\.blast 2> /dev/null
[00:45:30] Deleting unwanted file: 03_annotation/prokka_anc/PROKKA_11072022.AMR.tmp.57839.faa
[00:45:30] Deleting unwanted file: 03_annotation/prokka_anc/PROKKA_11072022.AMR.tmp.57839.blast
[00:45:34] There are still 4165 unannotated CDS left (started with 4194)
[00:45:34] Will use blast to search against /opt/conda/envs/prokka/db/kingdom/Bacteria/sprot with 8 CPUs
[00:45:34] Running: cat 03_annotation\/prokka_anc\/PROKKA_11072022\.sprot\.tmp\.57839\.faa | parallel --gnu --plain -j 8 --block 83665 --recstart '>' --pipe blastp -query - -db /opt/conda/envs/prokka/db/kingdom/Bacteria/sprot -evalue 1e-09 -qcov_hsp_perc 80 -num_threads 1 -num_descriptions 1 -num_alignments 1 -seg no > 03_annotation\/prokka_anc\/PROKKA_11072022\.sprot\.tmp\.57839\.blast 2> /dev/null
[00:46:57] Modify product: UPF0401 protein YkfF => hypothetical protein
[00:46:57] Modify product: UPF0758 protein CT0611 => hypothetical protein
[00:46:58] Modify product: Probable cystine transporter YijE => putative cystine transporter YijE
[00:46:58] Modify product: UPF0381 protein YiiS => hypothetical protein
[00:46:58] Modify product: UPF0761 membrane protein YihY => hypothetical protein
[00:46:58] Modify product: Uncharacterized protein YihR => putative protein YihR
[00:46:58] Modify product: Uncharacterized protein YshB => putative protein YshB
[00:46:58] Modify product: Probable GTP-binding protein EngB => putative GTP-binding protein EngB
[00:46:58] Modify product: Probable acyltransferase YihG => putative acyltransferase YihG
[00:46:58] Modify product: Uncharacterized oxidoreductase YciK => putative oxidoreductase YciK
[00:46:58] Modify product: Probable protease SohB => putative protease SohB
[00:46:58] Modify product: Uncharacterized protein YciH => putative protein YciH
[00:46:58] Modify product: UPF0509 protein YciZ => hypothetical protein
[00:46:58] Modify product: Uncharacterized protein YcjX => putative protein YcjX
[00:46:58] Modify product: UPF0283 membrane protein YcjF => hypothetical protein
[00:46:58] Modify product: Uncharacterized protein YcjY => putative protein YcjY
[00:46:58] Modify product: Probable DNA endonuclease SmrA => putative DNA endonuclease SmrA
[00:46:58] Modify product: Uncharacterized protein YdaG => putative protein YdaG
[00:46:58] Modify product: Probable L-ascorbate-6-phosphate lactonase UlaG => putative L-ascorbate-6-phosphate lactonase UlaG
[00:46:58] Modify product: UPF0719 inner membrane protein YjfL => hypothetical protein
[00:46:58] Modify product: UPF0126 inner membrane protein YadS => hypothetical protein
[00:46:58] Modify product: UPF0253 protein YaeP => hypothetical protein
[00:46:58] Modify product: Uncharacterized protein YaeQ => putative protein YaeQ
[00:46:58] Modify product: Uncharacterized protein HI_1008 => putative protein
[00:46:58] Modify product: Probable multidrug resistance ABC transporter ATP-binding/permease protein YheI => putative multidrug resistance ABC transporter ATP-binding/permease protein YheI
[00:46:58] Modify product: Uncharacterized lipoprotein YbaY => putative lipoprotein YbaY
[00:46:58] Modify product: Uncharacterized protein YbaA => putative protein YbaA
[00:46:58] Modify product: Probable cyclic di-GMP phosphodiesterase PdeB => putative cyclic di-GMP phosphodiesterase PdeB
[00:46:58] Modify product: Uncharacterized HTH-type transcriptional regulator YbaQ => putative HTH-type transcriptional regulator YbaQ
[00:46:58] Modify product: Probable iron export ATP-binding protein FetA => putative iron export ATP-binding protein FetA
[00:46:58] Modify product: Probable iron export permease protein FetB => putative iron export permease protein FetB
[00:46:59] Modify product: Uncharacterized oxidoreductase YhhX => putative oxidoreductase YhhX
[00:46:59] Modify product: UPF0056 inner membrane protein YhgN => hypothetical protein
[00:46:59] Modify product: Probable [Fe-S]-dependent transcriptional repressor FeoC => putative [Fe-S]-dependent transcriptional repressor FeoC
[00:46:59] Modify product: Putative membrane protein IgaA homolog => Putative membrane protein IgaA 
[00:46:59] Modify product: Uncharacterized protein YjjI => putative protein YjjI
[00:46:59] Modify product: Uncharacterized metal-dependent hydrolase YjjV => putative metal-dependent hydrolase YjjV
[00:46:59] Modify product: UPF0442 protein YjjB => hypothetical protein
[00:46:59] Modify product: Probable HTH-type transcriptional regulator LgoR => putative HTH-type transcriptional regulator LgoR
[00:46:59] Modify product: Probable HTH-type transcriptional regulator LgoR => putative HTH-type transcriptional regulator LgoR
[00:46:59] Modify product: Probable diguanylate cyclase DgcT => putative diguanylate cyclase DgcT
[00:46:59] Modify product: Probable malonic semialdehyde reductase RutE => putative malonic semialdehyde reductase RutE
[00:46:59] Modify product: Uncharacterized protein YccJ => putative protein YccJ
[00:46:59] Modify product: Uncharacterized lipoprotein GfcB => putative lipoprotein GfcB
[00:46:59] Modify product: Probable Ni/Fe-hydrogenase 1 B-type cytochrome subunit => putative Ni/Fe-hydrogenase 1 B-type cytochrome subunit
[00:46:59] Modify product: Uncharacterized protein YccU => putative protein YccU
[00:46:59] Modify product: UPF0319 protein HI_1681 => hypothetical protein
[00:46:59] Modify product: Uncharacterized protein YcbX => putative protein YcbX
[00:46:59] Modify product: Uncharacterized fimbrial chaperone YcbF => putative fimbrial chaperone YcbF
[00:46:59] Modify product: Uncharacterized fimbrial-like protein YcbV => putative fimbrial-like protein YcbV
[00:46:59] Modify product: Uncharacterized fimbrial-like protein YcbU => putative fimbrial-like protein YcbU
[00:46:59] Modify product: Uncharacterized fimbrial-like protein ElfG => putative fimbrial-like protein ElfG
[00:46:59] Modify product: Probable outer membrane usher protein ElfC => putative outer membrane usher protein ElfC
[00:46:59] Modify product: Probable fimbrial chaperone protein ElfD => putative fimbrial chaperone protein ElfD
[00:46:59] Modify product: Probable L,D-transpeptidase YcbB => putative L,D-transpeptidase YcbB
[00:46:59] Modify product: UPF0434 protein YcaR => hypothetical protein
[00:46:59] Modify product: Probable formate transporter 1 => putative formate transporter 1
[00:46:59] Modify product: Uncharacterized MFS-type transporter YcaD => putative MFS-type transporter YcaD
[00:46:59] Modify product: Probable hydrolase YcaC => putative hydrolase YcaC
[00:46:59] Modify product: Uncharacterized protein YqfG => putative protein YqfG
[00:46:59] Modify product: UPF0073 inner membrane protein YqfA => hypothetical protein
[00:46:59] Modify product: UPF0267 protein YqfB => hypothetical protein
[00:46:59] Modify product: Uncharacterized oxidoreductase YgfF => putative oxidoreductase YgfF
[00:46:59] Modify product: UPF0149 protein HI_0817 => hypothetical protein
[00:46:59] Modify product: UPF0301 protein YqgE => hypothetical protein
[00:46:59] Modify product: Uncharacterized protein YggR => putative protein YggR
[00:46:59] Modify product: UPF0235 protein YggU => hypothetical protein
[00:46:59] Modify product: Uncharacterized protein HI_0341 => putative protein
[00:46:59] Modify product: Probable Fe(2+)-trafficking protein => putative Fe(2+)-trafficking protein
[00:46:59] Modify product: Probable L-galactonate transporter => putative L-galactonate transporter
[00:46:59] Modify product: Uncharacterized protein YfgD => putative protein YfgD
[00:46:59] Modify product: Probable formate transporter 2 => putative formate transporter 2
[00:46:59] Modify product: Uncharacterized protein Rv2575 => putative protein
[00:47:00] Modify product: Uncharacterized HTH-type transcriptional regulator YdjF => putative HTH-type transcriptional regulator YdjF
[00:47:00] Modify product: Uncharacterized sugar kinase YdjH => putative sugar kinase YdjH
[00:47:00] Modify product: Uncharacterized protein YdjI => putative protein YdjI
[00:47:00] Modify product: Uncharacterized zinc-type alcohol dehydrogenase-like protein YdjJ => putative zinc-type alcohol dehydrogenase-like protein YdjJ
[00:47:00] Modify product: Stress response UPF0229 protein YhbH => hypothetical protein
[00:47:00] Modify product: Probable 2-dehydro-3-deoxygalactonokinase DgoK1 => putative 2-dehydro-3-deoxygalactonokinase DgoK1
[00:47:00] Modify product: Uncharacterized symporter YidK => putative symporter YidK
[00:47:00] Modify product: Uncharacterized inner membrane transporter YicL => putative inner membrane transporter YicL
[00:47:00] Modify product: UPF0758 protein YsxA => hypothetical protein
[00:47:00] Modify product: UPF0701 protein YicC => hypothetical protein
[00:47:00] Modify product: UPF0126 inner membrane protein YicG => hypothetical protein
[00:47:00] Modify product: Probable fimbrial chaperone EcpE => putative fimbrial chaperone EcpE
[00:47:00] Modify product: Probable outer membrane usher protein EcpC => putative outer membrane usher protein EcpC
[00:47:00] Modify product: Probable fimbrial chaperone EcpB => putative fimbrial chaperone EcpB
[00:47:00] Modify product: Uncharacterized membrane protein YkgR => putative membrane protein YkgR
[00:47:00] Modify product: Uncharacterized oxidoreductase YdgJ => putative oxidoreductase YdgJ
[00:47:00] Modify product: Probable dimethyl sulfoxide reductase chain YnfF => putative dimethyl sulfoxide reductase chain YnfF
[00:47:00] Modify product: Uncharacterized protein YnfD => putative protein YnfD
[00:47:00] Modify product: UPF0482 protein YnfB => hypothetical protein
[00:47:00] Modify product: UPF0060 membrane protein YnfA => hypothetical protein
[00:47:00] Modify product: Uncharacterized fimbrial-like protein YfcV => putative fimbrial-like protein YfcV
[00:47:00] Modify product: Probable fimbrial chaperone YfcS => putative fimbrial chaperone YfcS
[00:47:00] Modify product: Uncharacterized fimbrial-like protein YfcR => putative fimbrial-like protein YfcR
[00:47:00] Modify product: Uncharacterized fimbrial-like protein YfcQ => putative fimbrial-like protein YfcQ
[00:47:00] Modify product: Uncharacterized fimbrial-like protein YfcP => putative fimbrial-like protein YfcP
[00:47:00] Modify product: Uncharacterized protein YfcO => putative protein YfcO
[00:47:00] Modify product: Probable membrane transporter protein YfcA => putative membrane transporter protein YfcA
[00:47:00] Modify product: Uncharacterized MFS-type transporter YfcJ => putative MFS-type transporter YfcJ
[00:47:00] Modify product: Epimerase family protein SA0724 => Epimerase family protein
[00:47:00] Modify product: Uncharacterized Nudix hydrolase YfcD => putative Nudix hydrolase YfcD
[00:47:00] Modify product: UPF0208 membrane protein YfbV => hypothetical protein
[00:47:00] Modify product: UPF0304 protein YfbU => hypothetical protein
[00:47:00] Modify product: Uncharacterized protein YphB => putative protein YphB
[00:47:00] Modify product: Probable 3-phenylpropionic acid transporter => putative 3-phenylpropionic acid transporter
[00:47:00] Modify product: Uncharacterized protein Rv2307c => putative protein
[00:47:00] Modify product: UPF0070 protein HI_0370 => hypothetical protein
[00:47:00] Modify product: Uncharacterized protein YfgJ => putative protein YfgJ
[00:47:00] Modify product: Probable autotransporter YfaL => putative autotransporter YfaL
[00:47:00] Modify product: Uncharacterized HTH-type transcriptional regulator RhmR => putative HTH-type transcriptional regulator RhmR
[00:47:00] Modify product: Probable 4-deoxy-4-formamido-L-arabinose-phosphoundecaprenol deformylase ArnD => putative 4-deoxy-4-formamido-L-arabinose-phosphoundecaprenol deformylase ArnD
[00:47:00] Modify product: Probable 4-amino-4-deoxy-L-arabinose-phosphoundecaprenol flippase subunit ArnE => putative 4-amino-4-deoxy-L-arabinose-phosphoundecaprenol flippase subunit ArnE
[00:47:00] Modify product: Probable 4-amino-4-deoxy-L-arabinose-phosphoundecaprenol flippase subunit ArnF => putative 4-amino-4-deoxy-L-arabinose-phosphoundecaprenol flippase subunit ArnF
[00:47:01] Modify product: UPF0716 protein FxsA => hypothetical protein
[00:47:01] Modify product: Probable cadaverine/lysine antiporter => putative cadaverine/lysine antiporter
[00:47:01] Modify product: Uncharacterized protein YjdJ => putative protein YjdJ
[00:47:01] Modify product: Uncharacterized protein YtfJ => putative protein YtfJ
[00:47:01] Modify product: UPF0053 inner membrane protein YtfL => hypothetical protein
[00:47:01] Modify product: UPF0307 protein YjgA => hypothetical protein
[00:47:01] Modify product: Uncharacterized protein YjgL => putative protein YjgL
[00:47:01] Modify product: Uncharacterized oxidoreductase YjhC => putative oxidoreductase YjhC
[00:47:01] Modify product: Uncharacterized protein YthA => putative protein YthA
[00:47:01] Modify product: Probable RNA polymerase sigma factor FecI => putative RNA polymerase sigma factor FecI
[00:47:01] Modify product: Uncharacterized fimbrial-like protein YraH => putative fimbrial-like protein YraH
[00:47:01] Modify product: Probable fimbrial chaperone YraI => putative fimbrial chaperone YraI
[00:47:01] Modify product: Uncharacterized fimbrial-like protein YraK => putative fimbrial-like protein YraK
[00:47:01] Modify product: UPF0213 protein BH0048 => hypothetical protein
[00:47:01] Modify product: Uncharacterized protease YhbU => putative protease YhbU
[00:47:01] Modify product: Uncharacterized inner membrane transporter YhbE => putative inner membrane transporter YhbE
[00:47:01] Modify product: Uncharacterized protein YrbL => putative protein YrbL
[00:47:01] Modify product: Uncharacterized protein YhcH => putative protein YhcH
[00:47:01] Modify product: Probable cyclic di-GMP phosphodiesterase PdeD => putative cyclic di-GMP phosphodiesterase PdeD
[00:47:01] Modify product: UPF0053 inner membrane protein YoaE => hypothetical protein
[00:47:01] Modify product: UPF0266 membrane protein YobD => hypothetical protein
[00:47:01] Modify product: Probable manganese efflux pump MntP => putative manganese efflux pump MntP
[00:47:01] Modify product: Uncharacterized protein YebV => putative protein YebV
[00:47:01] Modify product: Probable transcriptional regulatory protein YebC => putative transcriptional regulatory protein YebC
[00:47:01] Modify product: Probable Ni/Fe-hydrogenase 2 b-type cytochrome subunit => putative Ni/Fe-hydrogenase 2 b-type cytochrome subunit
[00:47:01] Modify product: Uncharacterized oxidoreductase YghA => putative oxidoreductase YghA
[00:47:01] Modify product: Probable deoxycholate-binding periplasmic protein YgiS => putative deoxycholate-binding periplasmic protein YgiS
[00:47:01] Modify product: Probable quinol monooxygenase YgiN => putative quinol monooxygenase YgiN
[00:47:02] Modify product: Uncharacterized fimbrial-like protein YbgD => putative fimbrial-like protein YbgD
[00:47:02] Modify product: Probable glycerol-3-phosphate acyltransferase => putative glycerol-3-phosphate acyltransferase
[00:47:02] Modify product: Uncharacterized protein YciO => putative protein YciO
[00:47:02] Modify product: UPF0259 membrane protein YciC => hypothetical protein
[00:47:02] Modify product: Probable intracellular septation protein A => putative intracellular septation protein A
[00:47:02] Modify product: Uncharacterized acyl-CoA thioester hydrolase HI_0827 => putative acyl-CoA thioester hydrolase
[00:47:02] Modify product: UPF0263 protein YciU => hypothetical protein
[00:47:02] Modify product: UPF0056 inner membrane protein MarC => hypothetical protein
[00:47:02] Modify product: Uncharacterized NTE family protein Rv1063c => putative NTE family protein
[00:47:02] Modify product: UPF0225 protein YchJ => hypothetical protein
[00:47:02] Modify product: Probable phosphatase YcdX => putative phosphatase YcdX
[00:47:02] Modify product: Uncharacterized protein YmdA => putative protein YmdA
[00:47:02] Modify product: UPF0176 protein YceA => hypothetical protein
[00:47:02] Modify product: Cytochrome b561 homolog 2 => Cytochrome b561 
[00:47:02] Modify product: Uncharacterized protein YceO => putative protein YceO
[00:47:02] Modify product: Uncharacterized lipoprotein YceB => putative lipoprotein YceB
[00:47:02] Modify product: UPF0502 protein YceH => hypothetical protein
[00:47:02] Modify product: Uncharacterized metal-dependent hydrolase YcfH => putative metal-dependent hydrolase YcfH
[00:47:02] Modify product: UPF0227 protein YcfP => hypothetical protein
[00:47:02] Modify product: Probable L,D-transpeptidase YcfS => putative L,D-transpeptidase YcfS
[00:47:02] Modify product: UPF0098 protein YbhB => hypothetical protein
[00:47:02] Modify product: Probable multidrug ABC transporter permease YbhR => putative multidrug ABC transporter permease YbhR
[00:47:02] Modify product: Probable multidrug ABC transporter permease YbhS => putative multidrug ABC transporter permease YbhS
[00:47:02] Modify product: Probable multidrug ABC transporter ATP-binding protein YbhF => putative multidrug ABC transporter ATP-binding protein YbhF
[00:47:02] Modify product: UPF0194 membrane protein YbhG => hypothetical protein
[00:47:02] Modify product: Uncharacterized protein YbiB => putative protein YbiB
[00:47:02] Modify product: Uncharacterized protein YbiI => putative protein YbiI
[00:47:02] Modify product: PKHD-type hydroxylase Sbal_3634 => PKHD-type hydroxylase
[00:47:02] Modify product: Uncharacterized protein McbA => putative protein McbA
[00:47:02] Modify product: Probable autotransporter ROD_p1121 => putative autotransporter
[00:47:02] Modify product: UPF0352 protein YejL => hypothetical protein
[00:47:02] Modify product: Uncharacterized protein YejG => putative protein YejG
[00:47:02] Modify product: Uncharacterized ABC transporter ATP-binding protein YejF => putative ABC transporter ATP-binding protein YejF
[00:47:02] Modify product: Probable cyclic di-GMP phosphodiesterase PdeN => putative cyclic di-GMP phosphodiesterase PdeN
[00:47:02] Modify product: UPF0153 protein YeiW => hypothetical protein
[00:47:02] Modify product: UPF0324 inner membrane protein YeiH => hypothetical protein
[00:47:02] Modify product: UPF0299 membrane protein YohJ => hypothetical protein
[00:47:02] Modify product: Probable peptidoglycan glycosyltransferase FtsW => putative peptidoglycan glycosyltransferase FtsW
[00:47:02] Modify product: UPF0231 protein YacL => hypothetical protein
[00:47:03] Modify product: Uncharacterized ABC transporter ATP-binding protein YadG => putative ABC transporter ATP-binding protein YadG
[00:47:03] Modify product: Uncharacterized fimbrial-like protein YadC => putative fimbrial-like protein YadC
[00:47:03] Modify product: Uncharacterized fimbrial-like protein YadK => putative fimbrial-like protein YadK
[00:47:03] Modify product: Uncharacterized fimbrial-like protein YadL => putative fimbrial-like protein YadL
[00:47:03] Modify product: Uncharacterized fimbrial-like protein YadM => putative fimbrial-like protein YadM
[00:47:03] Modify product: Probable fimbrial chaperone YadV => putative fimbrial chaperone YadV
[00:47:03] Modify product: Probable pyridine nucleotide-disulfide oxidoreductase RclA => putative pyridine nucleotide-disulfide oxidoreductase RclA
[00:47:03] Modify product: Uncharacterized HTH-type transcriptional regulator YahB => putative HTH-type transcriptional regulator YahB
[00:47:03] Modify product: Uncharacterized HTH-type transcriptional regulator YahB => putative HTH-type transcriptional regulator YahB
[00:47:03] Modify product: Probable 2-dehydro-3-deoxygalactonokinase DgoK1 => putative 2-dehydro-3-deoxygalactonokinase DgoK1
[00:47:03] Modify product: Probable protein kinase UbiB => putative protein kinase UbiB
[00:47:03] Modify product: Uncharacterized methyltransferase YcgJ => putative methyltransferase YcgJ
[00:47:03] Modify product: UPF0438 protein YifE => hypothetical protein
[00:47:03] Modify product: Probable ECA polymerase => putative ECA polymerase
[00:47:03] Modify product: Probable transport protein YifK => putative transport protein YifK
[00:47:03] Modify product: UPF0337 protein YjbJ => hypothetical protein
[00:47:03] Modify product: Uncharacterized lipoprotein GfcB => putative lipoprotein GfcB
[00:47:03] Modify product: Uncharacterized ferredoxin-like protein YdhY => putative ferredoxin-like protein YdhY
[00:47:03] Modify product: Uncharacterized oxidoreductase YdhV => putative oxidoreductase YdhV
[00:47:03] Modify product: Uncharacterized protein YdhW => putative protein YdhW
[00:47:03] Modify product: Uncharacterized ferredoxin-like protein YdhX => putative ferredoxin-like protein YdhX
[00:47:03] Modify product: Uncharacterized protein YdhT => putative protein YdhT
[00:47:03] Modify product: Probable autotransporter ROD_p1121 => putative autotransporter
[00:47:03] Modify product: Uncharacterized HTH-type transcriptional regulator YahB => putative HTH-type transcriptional regulator YahB
[00:47:03] Modify product: Uncharacterized protein YnhF => putative protein YnhF
[00:47:03] Modify product: Prophage tail fiber assembly protein homolog TfaE => Prophage tail fiber assembly protein TfaE
[00:47:03] Modify product: Uncharacterized protein YbjN => putative protein YbjN
[00:47:03] Modify product: Probable cyclic di-GMP phosphodiesterase PdeI => putative cyclic di-GMP phosphodiesterase PdeI
[00:47:03] Modify product: Uncharacterized protein YbiI => putative protein YbiI
[00:47:03] Modify product: Probable cyclic di-GMP phosphodiesterase PdeC => putative cyclic di-GMP phosphodiesterase PdeC
[00:47:03] Modify product: Probable cyclic di-GMP phosphodiesterase PdeC => putative cyclic di-GMP phosphodiesterase PdeC
[00:47:03] Modify product: Uncharacterized ferredoxin-like protein YdhX => putative ferredoxin-like protein YdhX
[00:47:03] Modify product: Uncharacterized protein HI_0431 => putative protein
[00:47:03] Modify product: Uncharacterized protein YbcJ => putative protein YbcJ
[00:47:03] Modify product: Bifunctional protein FolD => Bifunctional protein FolD protein
[00:47:03] Modify product: Uncharacterized fimbrial-like protein SfmA => putative fimbrial-like protein SfmA
[00:47:03] Modify product: Probable fimbrial chaperone SfmC => putative fimbrial chaperone SfmC
[00:47:03] Modify product: Uncharacterized fimbrial-like protein SfmH => putative fimbrial-like protein SfmH
[00:47:03] Modify product: Uncharacterized fimbrial-like protein SfmF => putative fimbrial-like protein SfmF
[00:47:04] Modify product: Uncharacterized protein HI_0933 => putative protein
[00:47:04] Modify product: UPF0250 protein YbeD => hypothetical protein
[00:47:04] Modify product: Uncharacterized HTH-type transcriptional regulator YbdO => putative HTH-type transcriptional regulator YbdO
[00:47:04] Modify product: Probable L,D-transpeptidase YbiS => putative L,D-transpeptidase YbiS
[00:47:04] Modify product: Uncharacterized ABC transporter ATP-binding protein YbiT => putative ABC transporter ATP-binding protein YbiT
[00:47:04] Modify product: Uncharacterized protein YbiU => putative protein YbiU
[00:47:04] Modify product: UPF0125 protein RatB => hypothetical protein
[00:47:04] Modify product: UPF0053 inner membrane protein YfjD => hypothetical protein
[00:47:04] Modify product: Probable transcriptional regulatory protein YeeN => putative transcriptional regulatory protein YeeN
[00:47:04] Modify product: Uncharacterized fimbrial-like protein YadN => putative fimbrial-like protein YadN
[00:47:04] Modify product: Uncharacterized lipoprotein YbjP => putative lipoprotein YbjP
[00:47:04] Modify product: UPF0145 protein YbjQ => hypothetical protein
[00:47:04] Modify product: UPF0053 inner membrane protein YoaE => hypothetical protein
[00:47:04] Modify product: Probable diguanylate cyclase DgcE => putative diguanylate cyclase DgcE
[00:47:04] Modify product: UPF0053 inner membrane protein YgdQ => hypothetical protein
[00:47:04] Modify product: Uncharacterized lipoprotein YgdR => putative lipoprotein YgdR
[00:47:04] Modify product: Uncharacterized transporter YycB => putative transporter YycB
[00:47:04] Modify product: Uncharacterized protein YhcO => putative protein YhcO
[00:47:04] Modify product: Probable acrylyl-CoA reductase AcuI => putative acrylyl-CoA reductase AcuI
[00:47:04] Modify product: Uncharacterized membrane protein YhdT => putative membrane protein YhdT
[00:47:04] Modify product: Uncharacterized protein YqjD => putative protein YqjD
[00:47:04] Modify product: UPF0597 protein YhaM => hypothetical protein
[00:47:04] Modify product: Probable serine transporter => putative serine transporter
[00:47:04] Modify product: Probable FMN/FAD exporter YeeO => putative FMN/FAD exporter YeeO
[00:47:04] Modify product: Probable L,D-transpeptidase ErfK/SrfK => putative L,D-transpeptidase ErfK/SrfK
[00:47:04] Modify product: UPF0265 protein YeeX => hypothetical protein
[00:47:04] Modify product: UPF0394 inner membrane protein YeeE => hypothetical protein
[00:47:04] Modify product: Probable cyclic di-GMP phosphodiesterase PdeA => putative cyclic di-GMP phosphodiesterase PdeA
[00:47:05] Modify product: Uncharacterized protein YhfG => putative protein YhfG
[00:47:05] Modify product: Probable protein adenylyltransferase Fic => putative protein adenylyltransferase Fic
[00:47:05] Modify product: UPF0270 protein PA3463 => hypothetical protein
[00:47:05] Modify product: Uncharacterized ABC transporter ATP-binding protein YheS => putative ABC transporter ATP-binding protein YheS
[00:47:05] Modify product: Protein SlyX homolog => Protein SlyX 
[00:47:05] Modify product: Uncharacterized protein YhcH => putative protein YhcH
[00:47:05] Modify product: Uncharacterized protein YjiK => putative protein YjiK
[00:47:05] Modify product: Probable RNA 2'-phosphotransferase => putative RNA 2'-phosphotransferase
[00:47:05] Modify product: Probable major fimbrial subunit LpfA => putative major fimbrial subunit LpfA
[00:47:05] Modify product: UPF0056 inner membrane protein MarC => hypothetical protein
[00:47:05] Modify product: Probable amino-acid metabolite efflux pump => putative amino-acid metabolite efflux pump
[00:47:05] Modify product: Uncharacterized tRNA/rRNA methyltransferase YfiF => putative tRNA/rRNA methyltransferase YfiF
[00:47:05] Modify product: Probable lipoprotein YiaD => putative lipoprotein YiaD
[00:47:05] Modify product: Uncharacterized MFS-type transporter YhjX => putative MFS-type transporter YhjX
[00:47:05] Modify product: Probable transporter SCO4007 => putative transporter
[00:47:05] Modify product: Probable glutamate/gamma-aminobutyrate antiporter => putative glutamate/gamma-aminobutyrate antiporter
[00:47:05] Modify product: Probable D,D-dipeptide-binding periplasmic protein DdpA => putative D,D-dipeptide-binding periplasmic protein DdpA
[00:47:05] Modify product: Probable D,D-dipeptide transport system permease protein DdpB => putative D,D-dipeptide transport system permease protein DdpB
[00:47:05] Modify product: Probable D,D-dipeptide transport system permease protein DdpC => putative D,D-dipeptide transport system permease protein DdpC
[00:47:05] Modify product: Probable D,D-dipeptide transport ATP-binding protein DdpD => putative D,D-dipeptide transport ATP-binding protein DdpD
[00:47:05] Modify product: Probable D,D-dipeptide transport ATP-binding protein DdpF => putative D,D-dipeptide transport ATP-binding protein DdpF
[00:47:05] Modify product: Uncharacterized HTH-type transcriptional regulator YddM => putative HTH-type transcriptional regulator YddM
[00:47:05] Modify product: Uncharacterized FAD-linked oxidoreductase Rv2280 => putative FAD-linked oxidoreductase
[00:47:05] Modify product: Uncharacterized protein YtfJ => putative protein YtfJ
[00:47:05] Modify product: UPF0339 protein YegP => hypothetical protein
[00:47:05] Modify product: 23S rRNA 5-hydroxycytidine C2501 synthase => 23S rRNA 5-hydroxycytidine synthase
[00:47:05] Modify product: Uncharacterized protein YfeY => putative protein YfeY
[00:47:05] Modify product: Uncharacterized protein YcgM => putative protein YcgM
[00:47:05] Modify product: UPF0757 protein YmgG => hypothetical protein
[00:47:05] Modify product: Uncharacterized protein YmgD => putative protein YmgD
[00:47:05] Modify product: Probable cyclic di-GMP phosphodiesterase PdeG => putative cyclic di-GMP phosphodiesterase PdeG
[00:47:05] Modify product: Uncharacterized protein YmgC => putative protein YmgC
[00:47:05] Modify product: Probable two-component-system connector protein AriR => putative two-component-system connector protein AriR
[00:47:05] Modify product: Probable two-component-system connector protein YcgZ => putative two-component-system connector protein YcgZ
[00:47:05] Modify product: Cytochrome b561 homolog 1 => Cytochrome b561 
[00:47:05] Modify product: Uncharacterized protein YhfX => putative protein YhfX
[00:47:05] Modify product: Uncharacterized protein YhfS => putative protein YhfS
[00:47:05] Modify product: Uncharacterized N-acetyltransferase YafP => putative N-acetyltransferase YafP
[00:47:05] Modify product: UPF0255 protein VV1_0328 => hypothetical protein
[00:47:05] Modify product: Uncharacterized protein YdfO => putative protein YdfO
[00:47:06] Modify product: Uncharacterized HTH-type transcriptional regulator YdjF => putative HTH-type transcriptional regulator YdjF
[00:47:06] Modify product: UPF0382 inner membrane protein YgdD => hypothetical protein
[00:47:06] Modify product: Uncharacterized lipoprotein YgdR => putative lipoprotein YgdR
[00:47:06] Modify product: Probable cyclic di-GMP phosphodiesterase PdeK => putative cyclic di-GMP phosphodiesterase PdeK
[00:47:06] Modify product: Uncharacterized protein YbdM => putative protein YbdM
[00:47:06] Modify product: Probable multidrug resistance protein EmrK => putative multidrug resistance protein EmrK
[00:47:06] Modify product: Probable multidrug resistance protein EmrY => putative multidrug resistance protein EmrY
[00:47:06] Modify product: Uncharacterized protein YibN => putative protein YibN
[00:47:06] Modify product: Uncharacterized protein YibL => putative protein YibL
[00:47:06] Modify product: Uncharacterized oxidoreductase YohF => putative oxidoreductase YohF
[00:47:06] Modify product: UPF0387 membrane protein YohO => hypothetical protein
[00:47:06] Modify product: Uncharacterized lipoprotein YehR => putative lipoprotein YehR
[00:47:06] Modify product: Uncharacterized protein YehL => putative protein YehL
[00:47:06] Modify product: UPF0167 protein CbrC => hypothetical protein
[00:47:06] Modify product: Probable glucosamine-6-phosphate deaminase 2 => putative glucosamine-6-phosphate deaminase 2
[00:47:06] Modify product: Uncharacterized MFS-type transporter YhhS => putative MFS-type transporter YhhS
[00:47:06] Modify product: Uncharacterized protein YhhA => putative protein YhhA
[00:47:06] Modify product: Uncharacterized protein YqcG => putative protein YqcG
[00:47:06] Modify product: Probable glucarate transporter => putative glucarate transporter
[00:47:06] Modify product: Uncharacterized protein PA3435 => putative protein
[00:47:06] Modify product: Uncharacterized protein YqcC => putative protein YqcC
[00:47:06] Modify product: Probable inner membrane protein Smp => putative inner membrane protein Smp
[00:47:06] Modify product: Probable L,D-transpeptidase YnhG => putative L,D-transpeptidase YnhG
[00:47:06] Modify product: Probable ATP-dependent transporter SufC => putative ATP-dependent transporter SufC
[00:47:06] Modify product: Uncharacterized protein HI_1163 => putative protein
[00:47:06] Modify product: Uncharacterized protein Rv3292 => putative protein
[00:47:06] Modify product: 23S rRNA 5-hydroxycytidine C2501 synthase => 23S rRNA 5-hydroxycytidine synthase
[00:47:06] Modify product: Probable mRNA interferase toxin HicA => putative mRNA interferase toxin HicA
[00:47:06] Modify product: Uncharacterized protein YdcY => putative protein YdcY
[00:47:06] Modify product: Uncharacterized protein YncE => putative protein YncE
[00:47:06] Modify product: GTP cyclohydrolase 1 type 2 homolog => GTP cyclohydrolase 1 type 2 
[00:47:06] Modify product: Uncharacterized fimbrial-like protein YbgD => putative fimbrial-like protein YbgD
[00:47:06] Modify product: Uncharacterized protein YbbC => putative protein YbbC
[00:47:07] Modify product: Uncharacterized lipoprotein YajI => putative lipoprotein YajI
[00:47:07] Modify product: Probable diguanylate cyclase CdgI => putative diguanylate cyclase CdgI
[00:47:07] Modify product: Probable diguanylate cyclase DgcJ => putative diguanylate cyclase DgcJ
[00:47:07] Modify product: Uncharacterized protein YeaR => putative protein YeaR
[00:47:07] Modify product: UPF0381 protein YiiS => hypothetical protein
[00:47:07] Modify product: Probable diguanylate cyclase DgcC => putative diguanylate cyclase DgcC
[00:47:07] Modify product: UPF0178 protein YaiI => hypothetical protein
[00:47:07] Modify product: Uncharacterized protein YaiA => putative protein YaiA
[00:47:07] Modify product: Probable ketoamine kinase lp_1983 => putative ketoamine kinase
[00:47:07] Modify product: Uncharacterized protein YhfS => putative protein YhfS
[00:47:07] Modify product: Probable fructoselysine utilization operon transcriptional repressor => putative fructoselysine utilization operon transcriptional repressor
[00:47:07] Modify product: Probable fructoselysine/psicoselysine transporter FrlA => putative fructoselysine/psicoselysine transporter FrlA
[00:47:07] Modify product: Probable galactarate transporter => putative galactarate transporter
[00:47:07] Modify product: Uncharacterized protein YniD => putative protein YniD
[00:47:07] Modify product: Uncharacterized protein YjbR => putative protein YjbR
[00:47:07] Modify product: Uncharacterized GST-like protein YibF => putative GST-like protein YibF
[00:47:07] Modify product: Uncharacterized protein YlcG => putative protein YlcG
[00:47:07] Modify product: UPF0098 protein YbcL => hypothetical protein
[00:47:07] Modify product: Probable transport protein HsrA => putative transport protein HsrA
[00:47:07] Modify product: Uncharacterized protein YnbD => putative protein YnbD
[00:47:07] Modify product: Uncharacterized protein YnbC => putative protein YnbC
[00:47:07] Modify product: Probable HTH-type transcriptional regulator YgaV => putative HTH-type transcriptional regulator YgaV
[00:47:07] Modify product: Uncharacterized protein YgaM => putative protein YgaM
[00:47:07] Modify product: Probable bifunctional chitinase/lysozyme => putative bifunctional chitinase/lysozyme
[00:47:07] Modify product: Probable zinc-binding alcohol dehydrogenase Rv1895 => putative zinc-binding alcohol dehydrogenase
[00:47:07] Modify product: Probable ATP-dependent DNA helicase YoaA => putative ATP-dependent DNA helicase YoaA
[00:47:07] Modify product: Uncharacterized protein YjhP => putative protein YjhP
[00:47:08] Modify product: Probable 9-O-acetyl-N-acetylneuraminic acid deacetylase => putative 9-O-acetyl-N-acetylneuraminic acid deacetylase
[00:47:08] Modify product: Probable N-acetylneuraminic acid outer membrane channel protein NanC => putative N-acetylneuraminic acid outer membrane channel protein NanC
[00:47:08] Modify product: UPF0234 protein YajQ => hypothetical protein
[00:47:08] Modify product: Probable deoxyribonuclease RhsA => putative deoxyribonuclease RhsA
[00:47:08] Modify product: Uncharacterized lipoprotein ChiQ => putative lipoprotein ChiQ
[00:47:08] Modify product: Uncharacterized protein YbfE => putative protein YbfE
[00:47:08] Modify product: Probable transcriptional regulator PhnF => putative transcriptional regulator PhnF
[00:47:08] Modify product: Probable nitrate reductase molybdenum cofactor assembly chaperone NarW => putative nitrate reductase molybdenum cofactor assembly chaperone NarW
[00:47:08] Modify product: Uncharacterized isomerase YddE => putative isomerase YddE
[00:47:08] Modify product: Uncharacterized isomerase YddE => putative isomerase YddE
[00:47:08] Modify product: Uncharacterized protein YgcP => putative protein YgcP
[00:47:08] Cleaned 360 /product names
[00:47:08] Deleting unwanted file: 03_annotation/prokka_anc/PROKKA_11072022.sprot.tmp.57839.faa
[00:47:08] Deleting unwanted file: 03_annotation/prokka_anc/PROKKA_11072022.sprot.tmp.57839.blast
[00:47:08] There are still 763 unannotated CDS left (started with 4194)
[00:47:08] Will use hmmer3 to search against /opt/conda/envs/prokka/db/hmm/HAMAP.hmm with 8 CPUs
[00:47:08] Running: cat 03_annotation\/prokka_anc\/PROKKA_11072022\.HAMAP\.hmm\.tmp\.57839\.faa | parallel --gnu --plain -j 8 --block 12065 --recstart '>' --pipe hmmscan --noali --notextw --acc -E 1e-09 --cpu 1 /opt/conda/envs/prokka/db/hmm/HAMAP.hmm /dev/stdin > 03_annotation\/prokka_anc\/PROKKA_11072022\.HAMAP\.hmm\.tmp\.57839\.hmmer3 2> /dev/null
[00:47:24] Modify product: Uncharacterized Nudix hydrolase NudL => putative Nudix hydrolase NudL
[00:47:25] Cleaned 1 /product names
[00:47:25] Deleting unwanted file: 03_annotation/prokka_anc/PROKKA_11072022.HAMAP.hmm.tmp.57839.faa
[00:47:25] Deleting unwanted file: 03_annotation/prokka_anc/PROKKA_11072022.HAMAP.hmm.tmp.57839.hmmer3
[00:47:25] Labelling remaining 695 proteins as 'hypothetical protein'
[00:47:25] Possible /pseudo 'Formate dehydrogenase-O major subunit' at NODE_3_length_120662_cov_6.863150 position 76395
[00:47:25] Possible /pseudo 'Putative 2,3-dihydroxypropane-1-sulfonate exporter' at NODE_3_length_120662_cov_6.863150 position 95705
[00:47:25] Possible /pseudo 'Sensor histidine kinase DcuS' at NODE_5_length_101127_cov_6.910203 position 76647
[00:47:25] Possible /pseudo 'IS3 family transposase ISEcB1' at NODE_16_length_68650_cov_7.173625 position 66850
[00:47:25] Possible /pseudo 'L-carnitine CoA-transferase' at NODE_21_length_62787_cov_6.745575 position 18907
[00:47:25] Possible /pseudo 'HTH-type transcriptional regulator MalT' at NODE_22_length_60506_cov_6.967532 position 32143
[00:47:25] Possible /pseudo 'putative HTH-type transcriptional regulator LgoR' at NODE_23_length_59348_cov_6.772874 position 25924
[00:47:25] Possible /pseudo 'Inner membrane protein CreD' at NODE_46_length_34294_cov_6.894205 position 15952
[00:47:25] Possible /pseudo 'Inner membrane transport protein YdiM' at NODE_47_length_33261_cov_6.590767 position 15128
[00:47:25] Possible /pseudo 'putative cyclic di-GMP phosphodiesterase PdeC' at NODE_51_length_31629_cov_6.668769 position 3593
[00:47:25] Possible /pseudo 'Formate dehydrogenase H' at NODE_51_length_31629_cov_6.668769 position 26042
[00:47:25] Possible /pseudo 'Xylose import ATP-binding protein XylG' at NODE_60_length_28340_cov_6.975516 position 22773
[00:47:25] Possible /pseudo 'Chaperone protein FocC' at NODE_62_length_27562_cov_6.769911 position 947
[00:47:25] Possible /pseudo 'Formate dehydrogenase, nitrate-inducible, major subunit' at NODE_67_length_24740_cov_7.406277 position 22947
[00:47:25] Possible /pseudo 'Hemolysin E, chromosomal' at NODE_71_length_21183_cov_7.130389 position 5444
[00:47:25] Possible /pseudo 'Outer membrane usher protein FimD' at NODE_76_length_19536_cov_6.754355 position 18661
[00:47:25] Possible /pseudo 'Peptide transporter CstA' at NODE_79_length_18364_cov_6.165582 position 12819
[00:47:25] Possible /pseudo 'Putative anti-FlhC(2)FlhD(4) factor YdiV' at NODE_101_length_12079_cov_6.670972 position 9884
[00:47:25] Possible /pseudo 'putative isomerase YddE' at NODE_102_length_12072_cov_6.640600 position 9652
[00:47:25] Found 3109 unique /gene codes.
[00:47:25] Fixed 3 duplicate /gene - fdrA_1 fdrA_2 fdrA_3
[00:47:25] Fixed 2 duplicate /gene - ldrA_1 ldrA_2
[00:47:25] Fixed 2 duplicate /gene - rbsC_1 rbsC_2
[00:47:25] Fixed 2 duplicate /gene - papD_1 papD_2
[00:47:25] Fixed 2 duplicate /gene - yhcH_1 yhcH_2
[00:47:25] Fixed 2 duplicate /gene - cusC_1 cusC_2
[00:47:25] Fixed 2 duplicate /gene - mtlA_1 mtlA_2
[00:47:25] Fixed 2 duplicate /gene - fryB_1 fryB_2
[00:47:25] Fixed 2 duplicate /gene - mipA_1 mipA_2
[00:47:25] Fixed 2 duplicate /gene - ydgA_1 ydgA_2
[00:47:25] Fixed 2 duplicate /gene - fimG_1 fimG_2
[00:47:25] Fixed 5 duplicate /gene - xerC_1 xerC_2 xerC_3 xerC_4 xerC_5
[00:47:25] Fixed 2 duplicate /gene - nanR_1 nanR_2
[00:47:25] Fixed 5 duplicate /gene - hyfA_1 hyfA_2 hyfA_3 hyfA_4 hyfA_5
[00:47:25] Fixed 2 duplicate /gene - gstB_1 gstB_2
[00:47:25] Fixed 2 duplicate /gene - fimH_1 fimH_2
[00:47:25] Fixed 2 duplicate /gene - ygiW_1 ygiW_2
[00:47:25] Fixed 2 duplicate /gene - ydjF_1 ydjF_2
[00:47:25] Fixed 2 duplicate /gene - deoB_1 deoB_2
[00:47:25] Fixed 2 duplicate /gene - lon_1 lon_2
[00:47:25] Fixed 2 duplicate /gene - ydiV_1 ydiV_2
[00:47:25] Fixed 2 duplicate /gene - araB_1 araB_2
[00:47:25] Fixed 2 duplicate /gene - kefC_1 kefC_2
[00:47:25] Fixed 2 duplicate /gene - sgrR_1 sgrR_2
[00:47:25] Fixed 2 duplicate /gene - dcuS_1 dcuS_2
[00:47:25] Fixed 2 duplicate /gene - dmsC_1 dmsC_2
[00:47:25] Fixed 2 duplicate /gene - malP_1 malP_2
[00:47:25] Fixed 2 duplicate /gene - yhfS_1 yhfS_2
[00:47:25] Fixed 2 duplicate /gene - pitA_1 pitA_2
[00:47:25] Fixed 2 duplicate /gene - cra_1 cra_2
[00:47:25] Fixed 2 duplicate /gene - fryA_1 fryA_2
[00:47:25] Fixed 2 duplicate /gene - algC_1 algC_2
[00:47:25] Fixed 2 duplicate /gene - slp_1 slp_2
[00:47:25] Fixed 2 duplicate /gene - ydiF_1 ydiF_2
[00:47:25] Fixed 2 duplicate /gene - mlc_1 mlc_2
[00:47:25] Fixed 2 duplicate /gene - aspT_1 aspT_2
[00:47:25] Fixed 2 duplicate /gene - fabG_1 fabG_2
[00:47:25] Fixed 2 duplicate /gene - sapB_1 sapB_2
[00:47:25] Fixed 2 duplicate /gene - dam_1 dam_2
[00:47:25] Fixed 6 duplicate /gene - rhaR_1 rhaR_2 rhaR_3 rhaR_4 rhaR_5 rhaR_6
[00:47:25] Fixed 2 duplicate /gene - fdnG_1 fdnG_2
[00:47:25] Fixed 2 duplicate /gene - ftsA_1 ftsA_2
[00:47:25] Fixed 3 duplicate /gene - fixB_1 fixB_2 fixB_3
[00:47:25] Fixed 2 duplicate /gene - fdnH_1 fdnH_2
[00:47:25] Fixed 2 duplicate /gene - rbsA_1 rbsA_2
[00:47:25] Fixed 2 duplicate /gene - coaA_1 coaA_2
[00:47:25] Fixed 2 duplicate /gene - ysdC_1 ysdC_2
[00:47:25] Fixed 2 duplicate /gene - creD_1 creD_2
[00:47:25] Fixed 2 duplicate /gene - betB_1 betB_2
[00:47:25] Fixed 2 duplicate /gene - cutC_1 cutC_2
[00:47:25] Fixed 2 duplicate /gene - hokE_1 hokE_2
[00:47:25] Fixed 2 duplicate /gene - rpe_1 rpe_2
[00:47:25] Fixed 2 duplicate /gene - pdeC_1 pdeC_2
[00:47:25] Fixed 2 duplicate /gene - fixA_1 fixA_2
[00:47:25] Fixed 2 duplicate /gene - agaC_1 agaC_2
[00:47:25] Fixed 2 duplicate /gene - dmsB_1 dmsB_2
[00:47:25] Fixed 2 duplicate /gene - fruA_1 fruA_2
[00:47:25] Fixed 2 duplicate /gene - pspB_1 pspB_2
[00:47:25] Fixed 2 duplicate /gene - hycG_1 hycG_2
[00:47:25] Fixed 2 duplicate /gene - yicJ_1 yicJ_2
[00:47:25] Fixed 2 duplicate /gene - gntR_1 gntR_2
[00:47:25] Fixed 2 duplicate /gene - kduD_1 kduD_2
[00:47:25] Fixed 2 duplicate /gene - ttdT_1 ttdT_2
[00:47:25] Fixed 2 duplicate /gene - ybgD_1 ybgD_2
[00:47:25] Fixed 2 duplicate /gene - msbA_1 msbA_2
[00:47:25] Fixed 2 duplicate /gene - prfB_1 prfB_2
[00:47:25] Fixed 2 duplicate /gene - ccmH_1 ccmH_2
[00:47:25] Fixed 2 duplicate /gene - topA_1 topA_2
[00:47:25] Fixed 2 duplicate /gene - bhsA_1 bhsA_2
[00:47:25] Fixed 3 duplicate /gene - pncC_1 pncC_2 pncC_3
[00:47:25] Fixed 2 duplicate /gene - yiaW_1 yiaW_2
[00:47:25] Fixed 2 duplicate /gene - oxyR_1 oxyR_2
[00:47:25] Fixed 2 duplicate /gene - rob_1 rob_2
[00:47:25] Fixed 2 duplicate /gene - cytR_1 cytR_2
[00:47:25] Fixed 2 duplicate /gene - era_1 era_2
[00:47:25] Fixed 2 duplicate /gene - ompX_1 ompX_2
[00:47:25] Fixed 2 duplicate /gene - rutB_1 rutB_2
[00:47:25] Fixed 2 duplicate /gene - manX_1 manX_2
[00:47:25] Fixed 2 duplicate /gene - bioD1_1 bioD1_2
[00:47:25] Fixed 2 duplicate /gene - gatB_1 gatB_2
[00:47:25] Fixed 2 duplicate /gene - hdfR_1 hdfR_2
[00:47:25] Fixed 2 duplicate /gene - trmH_1 trmH_2
[00:47:25] Fixed 2 duplicate /gene - xerD_1 xerD_2
[00:47:25] Fixed 2 duplicate /gene - intQ_1 intQ_2
[00:47:25] Fixed 3 duplicate /gene - papC_1 papC_2 papC_3
[00:47:25] Fixed 2 duplicate /gene - yhhT_1 yhhT_2
[00:47:25] Fixed 2 duplicate /gene - gntK_1 gntK_2
[00:47:25] Fixed 2 duplicate /gene - fdoG_1 fdoG_2
[00:47:25] Fixed 2 duplicate /gene - tmk_1 tmk_2
[00:47:25] Fixed 2 duplicate /gene - ssuC_1 ssuC_2
[00:47:25] Fixed 2 duplicate /gene - purR_1 purR_2
[00:47:25] Fixed 2 duplicate /gene - acrB_1 acrB_2
[00:47:25] Fixed 2 duplicate /gene - acpP_1 acpP_2
[00:47:25] Fixed 4 duplicate /gene - fimD_1 fimD_2 fimD_3 fimD_4
[00:47:25] Fixed 3 duplicate /gene - ydcV_1 ydcV_2 ydcV_3
[00:47:25] Fixed 2 duplicate /gene - dcuD_1 dcuD_2
[00:47:25] Fixed 2 duplicate /gene - nagK_1 nagK_2
[00:47:25] Fixed 2 duplicate /gene - blc_1 blc_2
[00:47:25] Fixed 2 duplicate /gene - icsA_1 icsA_2
[00:47:25] Fixed 2 duplicate /gene - dgoK1_1 dgoK1_2
[00:47:25] Fixed 2 duplicate /gene - bglF_1 bglF_2
[00:47:25] Fixed 2 duplicate /gene - xdhA_1 xdhA_2
[00:47:25] Fixed 2 duplicate /gene - codB_1 codB_2
[00:47:25] Fixed 2 duplicate /gene - epsE_1 epsE_2
[00:47:25] Fixed 2 duplicate /gene - gatC_1 gatC_2
[00:47:25] Fixed 3 duplicate /gene - potA_1 potA_2 potA_3
[00:47:25] Fixed 2 duplicate /gene - gltC_1 gltC_2
[00:47:25] Fixed 3 duplicate /gene - yahB_1 yahB_2 yahB_3
[00:47:25] Fixed 2 duplicate /gene - gspK_1 gspK_2
[00:47:25] Fixed 2 duplicate /gene - ygdR_1 ygdR_2
[00:47:25] Fixed 2 duplicate /gene - tal_1 tal_2
[00:47:25] Fixed 2 duplicate /gene - malT_1 malT_2
[00:47:25] Fixed 2 duplicate /gene - flhA_1 flhA_2
[00:47:25] Fixed 2 duplicate /gene - pgrR_1 pgrR_2
[00:47:25] Fixed 2 duplicate /gene - ydhX_1 ydhX_2
[00:47:25] Fixed 4 duplicate /gene - glnQ_1 glnQ_2 glnQ_3 glnQ_4
[00:47:25] Fixed 4 duplicate /gene - arcC1_1 arcC1_2 arcC1_3 arcC1_4
[00:47:25] Fixed 2 duplicate /gene - prs_1 prs_2
[00:47:25] Fixed 2 duplicate /gene - fdhF_1 fdhF_2
[00:47:25] Fixed 2 duplicate /gene - ldrD_1 ldrD_2
[00:47:25] Fixed 2 duplicate /gene - por_1 por_2
[00:47:25] Fixed 2 duplicate /gene - nlpD_1 nlpD_2
[00:47:25] Fixed 2 duplicate /gene - acrR_1 acrR_2
[00:47:25] Fixed 2 duplicate /gene - lldR_1 lldR_2
[00:47:25] Fixed 2 duplicate /gene - bglH_1 bglH_2
[00:47:25] Fixed 2 duplicate /gene - lgoR_1 lgoR_2
[00:47:25] Fixed 2 duplicate /gene - acs_1 acs_2
[00:47:25] Fixed 2 duplicate /gene - tsaR_1 tsaR_2
[00:47:25] Fixed 2 duplicate /gene - srmB_1 srmB_2
[00:47:25] Fixed 2 duplicate /gene - murR_1 murR_2
[00:47:25] Fixed 2 duplicate /gene - azoR_1 azoR_2
[00:47:25] Fixed 2 duplicate /gene - dnaK_1 dnaK_2
[00:47:25] Fixed 2 duplicate /gene - yibA_1 yibA_2
[00:47:25] Fixed 2 duplicate /gene - fucA_1 fucA_2
[00:47:25] Fixed 2 duplicate /gene - ulaE_1 ulaE_2
[00:47:25] Fixed 3 duplicate /gene - exuT_1 exuT_2 exuT_3
[00:47:25] Fixed 5 duplicate /gene - dmlR_1 dmlR_2 dmlR_3 dmlR_4 dmlR_5
[00:47:25] Fixed 2 duplicate /gene - chuR_1 chuR_2
[00:47:25] Fixed 2 duplicate /gene - ygcS_1 ygcS_2
[00:47:25] Fixed 2 duplicate /gene - cstA_1 cstA_2
[00:47:25] Fixed 2 duplicate /gene - yddE_1 yddE_2
[00:47:25] Fixed 2 duplicate /gene - intA_1 intA_2
[00:47:25] Fixed 3 duplicate /gene - cynR_1 cynR_2 cynR_3
[00:47:25] Fixed 2 duplicate /gene - psuK_1 psuK_2
[00:47:25] Fixed 2 duplicate /gene - hcaR_1 hcaR_2
[00:47:25] Fixed 2 duplicate /gene - aaeB_1 aaeB_2
[00:47:25] Fixed 2 duplicate /gene - osmY_1 osmY_2
[00:47:25] Fixed 3 duplicate /gene - tdh_1 tdh_2 tdh_3
[00:47:25] Fixed 2 duplicate /gene - focC_1 focC_2
[00:47:25] Fixed 2 duplicate /gene - mepS_1 mepS_2
[00:47:25] Fixed 2 duplicate /gene - yhaJ_1 yhaJ_2
[00:47:25] Fixed 2 duplicate /gene - ytfJ_1 ytfJ_2
[00:47:25] Fixed 2 duplicate /gene - intS_1 intS_2
[00:47:25] Fixed 2 duplicate /gene - rhsD_1 rhsD_2
[00:47:25] Fixed 2 duplicate /gene - yrdA_1 yrdA_2
[00:47:25] Fixed 2 duplicate /gene - glpG_1 glpG_2
[00:47:25] Fixed 2 duplicate /gene - ydjZ_1 ydjZ_2
[00:47:25] Fixed 2 duplicate /gene - manC1_1 manC1_2
[00:47:25] Fixed 2 duplicate /gene - aaeA_1 aaeA_2
[00:47:25] Fixed 2 duplicate /gene - epsF_1 epsF_2
[00:47:25] Fixed 3 duplicate /gene - btuD_1 btuD_2 btuD_3
[00:47:25] Fixed 2 duplicate /gene - caiT_1 caiT_2
[00:47:25] Fixed 2 duplicate /gene - manP_1 manP_2
[00:47:25] Fixed 2 duplicate /gene - cysE_1 cysE_2
[00:47:25] Fixed 3 duplicate /gene - ndhB_1 ndhB_2 ndhB_3
[00:47:25] Fixed 5 duplicate /gene - srlR_1 srlR_2 srlR_3 srlR_4 srlR_5
[00:47:25] Fixed 2 duplicate /gene - sbmC_1 sbmC_2
[00:47:25] Fixed 2 duplicate /gene - ubiJ_1 ubiJ_2
[00:47:25] Fixed 2 duplicate /gene - lolD_1 lolD_2
[00:47:25] Fixed 2 duplicate /gene - dadA_1 dadA_2
[00:47:25] Fixed 2 duplicate /gene - rhtC_1 rhtC_2
[00:47:25] Fixed 2 duplicate /gene - gadW_1 gadW_2
[00:47:25] Fixed 2 duplicate /gene - mglA_1 mglA_2
[00:47:25] Fixed 2 duplicate /gene - btuB_1 btuB_2
[00:47:25] Fixed 2 duplicate /gene - narL_1 narL_2
[00:47:25] Fixed 2 duplicate /gene - gnsA_1 gnsA_2
[00:47:25] Fixed 2 duplicate /gene - ydjE_1 ydjE_2
[00:47:25] Fixed 2 duplicate /gene - melR_1 melR_2
[00:47:25] Fixed 2 duplicate /gene - opgE_1 opgE_2
[00:47:25] Fixed 2 duplicate /gene - lptG_1 lptG_2
[00:47:25] Fixed 2 duplicate /gene - leuC_1 leuC_2
[00:47:25] Fixed 2 duplicate /gene - ybiI_1 ybiI_2
[00:47:25] Fixed 2 duplicate /gene - argE_1 argE_2
[00:47:25] Fixed 2 duplicate /gene - gspA_1 gspA_2
[00:47:25] Fixed 3 duplicate /gene - norR_1 norR_2 norR_3
[00:47:25] Fixed 2 duplicate /gene - dgoA_1 dgoA_2
[00:47:25] Fixed 2 duplicate /gene - rlhA_1 rlhA_2
[00:47:25] Fixed 2 duplicate /gene - nagB_1 nagB_2
[00:47:25] Fixed 2 duplicate /gene - xylG_1 xylG_2
[00:47:25] Fixed 2 duplicate /gene - ccmF_1 ccmF_2
[00:47:25] Fixed 3 duplicate /gene - arnC_1 arnC_2 arnC_3
[00:47:25] Fixed 2 duplicate /gene - bioF_1 bioF_2
[00:47:25] Fixed 2 duplicate /gene - ndhI_1 ndhI_2
[00:47:25] Fixed 2 duplicate /gene - lapB_1 lapB_2
[00:47:25] Fixed 3 duplicate /gene - rrrD_1 rrrD_2 rrrD_3
[00:47:25] Fixed 2 duplicate /gene - kdgK_1 kdgK_2
[00:47:25] Fixed 2 duplicate /gene - fimF_1 fimF_2
[00:47:25] Fixed 2 duplicate /gene - ftnA_1 ftnA_2
[00:47:25] Fixed 2 duplicate /gene - pykF_1 pykF_2
[00:47:25] Fixed 2 duplicate /gene - lptB_1 lptB_2
[00:47:25] Fixed 2 duplicate /gene - gadX_1 gadX_2
[00:47:25] Fixed 2 duplicate /gene - mdh_1 mdh_2
[00:47:25] Fixed 2 duplicate /gene - pal_1 pal_2
[00:47:25] Fixed 2 duplicate /gene - caiB_1 caiB_2
[00:47:25] Fixed 3 duplicate /gene - manZ_1 manZ_2 manZ_3
[00:47:25] Fixed 2 duplicate /gene - lutA_1 lutA_2
[00:47:25] Fixed 2 duplicate /gene - mngR_1 mngR_2
[00:47:25] Fixed 2 duplicate /gene - pdhR_1 pdhR_2
[00:47:25] Fixed 5 duplicate /gene - rhaS_1 rhaS_2 rhaS_3 rhaS_4 rhaS_5
[00:47:25] Fixed 2 duplicate /gene - hlyE_1 hlyE_2
[00:47:25] Fixed 2 duplicate /gene - caiA_1 caiA_2
[00:47:25] Fixed 3 duplicate /gene - ompD_1 ompD_2 ompD_3
[00:47:25] Fixed 2 duplicate /gene - yihP_1 yihP_2
[00:47:25] Fixed 3 duplicate /gene - fixX_1 fixX_2 fixX_3
[00:47:25] Fixed 2 duplicate /gene - oleD_1 oleD_2
[00:47:25] Fixed 2 duplicate /gene - ydiM_1 ydiM_2
[00:47:25] Fixed 2 duplicate /gene - gfcB_1 gfcB_2
[00:47:25] Fixed 217 colliding /gene names.
[00:47:25] Adding /locus_tag identifiers
[00:47:25] Assigned 4280 locus_tags to CDS and RNA features.
[00:47:25] Writing outputs to 03_annotation/prokka_anc/
[00:47:30] Generating annotation statistics file
[00:47:30] Generating Genbank and Sequin files
[00:47:30] Running: tbl2asn -V b -a r10k -l paired-ends -M n -N 1 -y 'Annotated using prokka 1.14.6 from https://github.com/tseemann/prokka' -Z 03_annotation\/prokka_anc\/PROKKA_11072022\.err -i 03_annotation\/prokka_anc\/PROKKA_11072022\.fsa 2> /dev/null
[00:47:50] Deleting unwanted file: 03_annotation/prokka_anc/errorsummary.val
[00:47:50] Deleting unwanted file: 03_annotation/prokka_anc/PROKKA_11072022.dr
[00:47:50] Deleting unwanted file: 03_annotation/prokka_anc/PROKKA_11072022.fixedproducts
[00:47:50] Deleting unwanted file: 03_annotation/prokka_anc/PROKKA_11072022.ecn
[00:47:50] Deleting unwanted file: 03_annotation/prokka_anc/PROKKA_11072022.val
[00:47:50] Repairing broken .GBK output that tbl2asn produces...
[00:47:50] Running: sed 's/COORDINATES: profile/COORDINATES:profile/' < 03_annotation\/prokka_anc\/PROKKA_11072022\.gbf > 03_annotation\/prokka_anc\/PROKKA_11072022\.gbk
[00:47:50] Deleting unwanted file: 03_annotation/prokka_anc/PROKKA_11072022.gbf
[00:47:50] Output files:
[00:47:50] 03_annotation/prokka_anc/PROKKA_11072022.txt
[00:47:50] 03_annotation/prokka_anc/PROKKA_11072022.faa
[00:47:50] 03_annotation/prokka_anc/PROKKA_11072022.fsa
[00:47:50] 03_annotation/prokka_anc/PROKKA_11072022.gff
[00:47:50] 03_annotation/prokka_anc/PROKKA_11072022.tbl
[00:47:50] 03_annotation/prokka_anc/PROKKA_11072022.gbk
[00:47:50] 03_annotation/prokka_anc/PROKKA_11072022.err
[00:47:50] 03_annotation/prokka_anc/PROKKA_11072022.sqn
[00:47:50] 03_annotation/prokka_anc/PROKKA_11072022.fna
[00:47:50] 03_annotation/prokka_anc/PROKKA_11072022.ffn
[00:47:50] 03_annotation/prokka_anc/PROKKA_11072022.tsv
[00:47:50] 03_annotation/prokka_anc/PROKKA_11072022.log
[00:47:50] Annotation finished successfully.
[00:47:50] Walltime used: 3.58 minutes
[00:47:50] If you use this result please cite the Prokka paper:
[00:47:50] Seemann T (2014) Prokka: rapid prokaryotic genome annotation. Bioinformatics. 30(14):2068-9.
[00:47:50] Type 'prokka --citation' for more details.
[00:47:50] Share and enjoy!
