[02:07:02] This is prokka 1.14.6
[02:07:02] Written by Torsten Seemann <torsten.seemann@gmail.com>
[02:07:02] Homepage is https://github.com/tseemann/prokka
[02:07:02] Local time is Mon Nov  7 02:07:02 2022
[02:07:02] You are not telling me who you are!
[02:07:02] Operating system is linux
[02:07:02] You have BioPerl 1.7.8
[02:07:02] System has 80 cores.
[02:07:02] Will use maximum of 8 cores.
[02:07:02] Annotating as >>> Bacteria <<<
[02:07:02] Generating locus_tag from '01_assembly/spades-evol/scaffolds.fasta' contents.
[02:07:02] Setting --locustag ENLCLNGL from MD5 e75c570555edad204863491ff02c5731
[02:07:02] Creating new output folder: 03_annotation/prokka_evol
[02:07:02] Running: mkdir -p 03_annotation\/prokka_evol
[02:07:02] Using filename prefix: PROKKA_11072022.XXX
[02:07:02] Setting HMMER_NCPU=1
[02:07:02] Writing log to: 03_annotation/prokka_evol/PROKKA_11072022.log
[02:07:02] Command: /opt/conda/envs/prokka/bin/prokka --kingdom Bacteria --genus Escherichia --species coli --outdir 03_annotation/prokka_evol 01_assembly/spades-evol/scaffolds.fasta
[02:07:02] Appending to PATH: /opt/conda/envs/prokka/bin
[02:07:02] Looking for 'aragorn' - found /opt/conda/envs/prokka/bin/aragorn
[02:07:02] Determined aragorn version is 001002 from 'ARAGORN v1.2.41 Dean Laslett'
[02:07:02] Looking for 'barrnap' - found /opt/conda/envs/prokka/bin/barrnap
[02:07:02] Determined barrnap version is 000009 from 'barrnap 0.9'
[02:07:02] Looking for 'blastp' - found /opt/conda/envs/prokka/bin/blastp
[02:07:02] Determined blastp version is 002013 from 'blastp: 2.13.0+'
[02:07:02] Looking for 'cmpress' - found /opt/conda/envs/prokka/bin/cmpress
[02:07:02] Determined cmpress version is 001001 from '# INFERNAL 1.1.4 (Dec 2020)'
[02:07:02] Looking for 'cmscan' - found /opt/conda/envs/prokka/bin/cmscan
[02:07:02] Determined cmscan version is 001001 from '# INFERNAL 1.1.4 (Dec 2020)'
[02:07:02] Looking for 'egrep' - found /usr/bin/egrep
[02:07:02] Looking for 'find' - found /usr/bin/find
[02:07:02] Looking for 'grep' - found /usr/bin/grep
[02:07:02] Looking for 'hmmpress' - found /opt/conda/envs/prokka/bin/hmmpress
[02:07:02] Determined hmmpress version is 003003 from '# HMMER 3.3.2 (Nov 2020); http://hmmer.org/'
[02:07:02] Looking for 'hmmscan' - found /opt/conda/envs/prokka/bin/hmmscan
[02:07:02] Determined hmmscan version is 003003 from '# HMMER 3.3.2 (Nov 2020); http://hmmer.org/'
[02:07:02] Looking for 'java' - found /opt/conda/envs/prokka/bin/java
[02:07:02] Looking for 'makeblastdb' - found /opt/conda/envs/prokka/bin/makeblastdb
[02:07:02] Determined makeblastdb version is 002013 from 'makeblastdb: 2.13.0+'
[02:07:02] Looking for 'minced' - found /opt/conda/envs/prokka/bin/minced
[02:07:03] Determined minced version is 004002 from 'minced 0.4.2'
[02:07:03] Looking for 'parallel' - found /opt/conda/envs/prokka/bin/parallel
[02:07:03] Determined parallel version is 20220922 from 'GNU parallel 20220922'
[02:07:03] Looking for 'prodigal' - found /opt/conda/envs/prokka/bin/prodigal
[02:07:03] Determined prodigal version is 002006 from 'Prodigal V2.6.3: February, 2016'
[02:07:03] Looking for 'prokka-genbank_to_fasta_db' - found /opt/conda/envs/prokka/bin/prokka-genbank_to_fasta_db
[02:07:03] Looking for 'sed' - found /opt/conda/bin/sed
[02:07:03] Looking for 'tbl2asn' - found /opt/conda/envs/prokka/bin/tbl2asn
[02:07:03] Determined tbl2asn version is 025007 from 'tbl2asn 25.7   arguments:'
[02:07:03] Using genetic code table 11.
[02:07:03] Loading and checking input file: 01_assembly/spades-evol/scaffolds.fasta
[02:07:03] Wrote 219 contigs totalling 4554644 bp.
[02:07:03] Predicting tRNAs and tmRNAs
[02:07:03] Running: aragorn -l -gc11  -w 03_annotation\/prokka_evol\/PROKKA_11072022\.fna
[02:07:06] 1 tRNA-Met [124047,124122] 34 (cat)
[02:07:06] 2 tRNA-Met c[228959,229035] 35 (cat)
[02:07:06] 3 tRNA-Leu c[232818,232904] 35 (gag)
[02:07:06] 4 tRNA-Thr c[326893,326968] 34 (ggt)
[02:07:06] 1 tRNA-Phe c[57857,57932] 34 (gaa)
[02:07:06] 2 tRNA-Gly [87199,87274] 34 (gcc)
[02:07:06] 3 tRNA-Gly [87311,87386] 34 (gcc)
[02:07:06] 4 tRNA-Leu [196206,196290] 35 (caa)
[02:07:06] 1 tRNA-Ser [61849,61936] 35 (tga)
[02:07:06] 1 tRNA-SeC c[118273,118367] 35 (tca)
[02:07:06] 1 tRNA-Phe c[26837,26912] 34 (gaa)
[02:07:06] 2 tRNA-Gly [138121,138194] 33 (ccc)
[02:07:06] 1 tRNA-Tyr c[92733,92817] 35 (gta)
[02:07:06] 2 tRNA-Tyr c[93027,93111] 35 (gta)
[02:07:06] 1 tRNA-Val c[8143,8219] 35 (gac)
[02:07:06] 2 tRNA-Val c[8224,8300] 35 (gac)
[02:07:06] 1 tRNA-Gly [3239,3314] 34 (gcc)
[02:07:06] 2 tRNA-Cys [3368,3441] 33 (gca)
[02:07:06] 3 tRNA-Leu [3454,3540] 35 (taa)
[02:07:06] 1 tRNA-Asp [-1,76] 35 (gtc)
[02:07:06] 2 tRNA-Asp [8003,8079] 35 (gtc)
[02:07:06] 3 tRNA-Trp [8088,8163] 34 (cca)
[02:07:06] 4 tRNA-Arg [43506,43582] 35 (ccg)
[02:07:06] 5 tRNA-His [43641,43716] 34 (gtg)
[02:07:06] 6 tRNA-Leu [43737,43823] 35 (cag)
[02:07:06] 7 tRNA-Pro [43866,43942] 35 (tgg)
[02:07:06] 1 tRNA-Arg [2618,2692] 34 (cct)
[02:07:06] 2 tRNA-Ala c[42784,42859] 34 (ggc)
[02:07:06] 3 tRNA-Val [45559,45634] 34 (tac)
[02:07:06] 4 tRNA-Lys [45639,45714] 34 (ttt)
[02:07:06] 1 tRNA-Leu [49639,49725] 35 (cag)
[02:07:06] 1 tRNA-Thr [3881,3956] 34 (cgt)
[02:07:06] 2 tRNA-Ser [54409,54489] 38 (gga)
[02:07:06] 1 tRNA-Arg c[29342,29418] 35 (acg)
[02:07:06] 2 tRNA-Arg c[29518,29593] 35 (acg)
[02:07:06] 3 tRNA-Ser c[29597,29689] 35 (gct)
[02:07:06] 1 tRNA-Ser c[522,609] 35 (gga)
[02:07:06] 1 tRNA-Pro c[25043,25119] 35 (ggg)
[02:07:06] 1 tRNA-Ser c[7504,7593] 35 (cga)
[02:07:06] 2 tRNA-Asn [8585,8660] 34 (gtt)
[02:07:06] 3 tRNA-Asn c[22064,22139] 34 (gtt)
[02:07:06] 4 tRNA-Asn [23888,23963] 34 (gtt)
[02:07:06] 5 tRNA-Asn [26297,26372] 34 (gtt)
[02:07:06] 1 tRNA-Met c[40684,40760] 35 (cat)
[02:07:06] 1 tRNA-Pro [12018,12094] 35 (cgg)
[02:07:07] 1 tRNA-Arg [38027,38103] 35 (tct)
[02:07:07] 1 tRNA-Gln c[12472,12546] 33 (ctg)
[02:07:07] 2 tRNA-Met c[12594,12670] 35 (cat)
[02:07:07] 3 tRNA-Gln c[12686,12760] 33 (ttg)
[02:07:07] 4 tRNA-Leu c[12784,12868] 35 (tag)
[02:07:07] 5 tRNA-Met c[12877,12953] 35 (cat)
[02:07:07] 1 tRNA-Lys c[1,76] 34 (ttt)
[02:07:07] 1 tmRNA c[5433,5795] 90,125 ANDENYALAA**
[02:07:07] 1 tRNA-Thr c[474,549] 34 (ggt)
[02:07:07] 2 tRNA-Gly c[556,630] 34 (tcc)
[02:07:07] 3 tRNA-Tyr c[747,831] 35 (gta)
[02:07:07] 4 tRNA-Thr c[840,915] 34 (tgt)
[02:07:07] 1 tRNA-Ile [102,178] 35 (gat)
[02:07:07] 2 tRNA-Ala [221,296] 34 (tgc)
[02:07:07] 1 tRNA-Glu c[242,317] 35 (ttc)
[02:07:07] 1 tRNA-Arg [252,323] 34 (tcg)
[02:07:07] 1 tRNA-Lys [2,77] 34 (ttt)
[02:07:07] 2 tRNA-Lys [224,299] 34 (ttt)
[02:07:07] 1 tRNA-Lys [-1,75] 34 (ttt)
[02:07:07] 2 tRNA-Val [211,286] 34 (tac)
[02:07:07] 1 tRNA-Lys [-1,75] 34 (ttt)
[02:07:07] 2 tRNA-Lys [208,283] 34 (ttt)
[02:07:07] 1 tRNA-Arg [-1,76] 35 (acg)
[02:07:07] 1 tRNA-Lys [2,77] 34 (ttt)
[02:07:07] 2 tRNA-Val [129,204] 34 (tac)
[02:07:07] 1 tRNA-Asp c[1,77] 35 (gtc)
[02:07:07] 1 tRNA-Val [1,76] 34 (tac)
[02:07:07] 2 tRNA-Lys [79,154] 34 (ttt)
[02:07:07] 1 tRNA-Val [-1,75] 34 (tac)
[02:07:07] 2 tRNA-Lys [79,153] 34 (ttt)
[02:07:07] 1 tRNA-Arg c[1,76] 35 (acg)
[02:07:07] 1 tRNA-Arg [2,78] 35 (acg)
[02:07:07] 1 tRNA-Lys c[2,77] 34 (ttt)
[02:07:07] Found 78 tRNAs
[02:07:07] Predicting Ribosomal RNAs
[02:07:07] Running Barrnap with 8 threads
[02:07:09] 1 NODE_1_length_327051_cov_27.103913 326741 5S ribosomal RNA
[02:07:09] 2 NODE_77_length_2654_cov_194.723710 21 23S ribosomal RNA
[02:07:09] 3 NODE_94_length_791_cov_204.665266 4 16S ribosomal RNA (partial)
[02:07:09] 4 NODE_97_length_548_cov_244.639066 4 16S ribosomal RNA (partial)
[02:07:09] Found 4 rRNAs
[02:07:09] Skipping ncRNA search, enable with --rfam if desired.
[02:07:09] Total of 81 tRNA + rRNA features
[02:07:09] Searching for CRISPR repeats
[02:07:09] CRISPR1 NODE_18_length_89111_cov_24.992924 88746 with 5 spacers
[02:07:10] CRISPR2 NODE_36_length_46461_cov_25.248556 28928 with 14 spacers
[02:07:10] Found 2 CRISPRs
[02:07:10] Predicting coding sequences
[02:07:10] Contigs total 4554644 bp, so using single mode
[02:07:10] Running: prodigal -i 03_annotation\/prokka_evol\/PROKKA_11072022\.fna -c -m -g 11 -p single -f sco -q
[02:07:23] Excluding CDS which overlaps existing RNA (tRNA) at NODE_8_length_128491_cov_22.132470:92554..93120 on + strand
[02:07:27] Excluding CDS which overlaps existing RNA (repeat_region) at NODE_36_length_46461_cov_25.248556:28906..29754 on - strand
[02:07:27] Excluding CDS which overlaps existing RNA (tRNA) at NODE_37_length_45564_cov_23.446237:12469..12561 on + strand
[02:07:28] Excluding CDS which overlaps existing RNA (rRNA) at NODE_97_length_548_cov_244.639066:150..404 on + strand
[02:07:28] Found 4200 CDS
[02:07:28] Connecting features back to sequences
[02:07:28] Not using genus-specific database. Try --usegenus to enable it.
[02:07:28] Annotating CDS, please be patient.
[02:07:28] Will use 8 CPUs for similarity searching.
[02:07:32] There are still 4200 unannotated CDS left (started with 4200)
[02:07:32] Will use blast to search against /opt/conda/envs/prokka/db/kingdom/Bacteria/IS with 8 CPUs
[02:07:32] Running: cat 03_annotation\/prokka_evol\/PROKKA_11072022\.IS\.tmp\.59283\.faa | parallel --gnu --plain -j 8 --block 84520 --recstart '>' --pipe blastp -query - -db /opt/conda/envs/prokka/db/kingdom/Bacteria/IS -evalue 1e-30 -qcov_hsp_perc 90 -num_threads 1 -num_descriptions 1 -num_alignments 1 -seg no > 03_annotation\/prokka_evol\/PROKKA_11072022\.IS\.tmp\.59283\.blast 2> /dev/null
[02:07:56] Deleting unwanted file: 03_annotation/prokka_evol/PROKKA_11072022.IS.tmp.59283.faa
[02:07:56] Deleting unwanted file: 03_annotation/prokka_evol/PROKKA_11072022.IS.tmp.59283.blast
[02:07:59] There are still 4169 unannotated CDS left (started with 4200)
[02:07:59] Will use blast to search against /opt/conda/envs/prokka/db/kingdom/Bacteria/AMR with 8 CPUs
[02:07:59] Running: cat 03_annotation\/prokka_evol\/PROKKA_11072022\.AMR\.tmp\.59283\.faa | parallel --gnu --plain -j 8 --block 84053 --recstart '>' --pipe blastp -query - -db /opt/conda/envs/prokka/db/kingdom/Bacteria/AMR -evalue 1e-300 -qcov_hsp_perc 90 -num_threads 1 -num_descriptions 1 -num_alignments 1 -seg no > 03_annotation\/prokka_evol\/PROKKA_11072022\.AMR\.tmp\.59283\.blast 2> /dev/null
[02:08:19] Deleting unwanted file: 03_annotation/prokka_evol/PROKKA_11072022.AMR.tmp.59283.faa
[02:08:19] Deleting unwanted file: 03_annotation/prokka_evol/PROKKA_11072022.AMR.tmp.59283.blast
[02:08:23] There are still 4169 unannotated CDS left (started with 4200)
[02:08:23] Will use blast to search against /opt/conda/envs/prokka/db/kingdom/Bacteria/sprot with 8 CPUs
[02:08:23] Running: cat 03_annotation\/prokka_evol\/PROKKA_11072022\.sprot\.tmp\.59283\.faa | parallel --gnu --plain -j 8 --block 84053 --recstart '>' --pipe blastp -query - -db /opt/conda/envs/prokka/db/kingdom/Bacteria/sprot -evalue 1e-09 -qcov_hsp_perc 80 -num_threads 1 -num_descriptions 1 -num_alignments 1 -seg no > 03_annotation\/prokka_evol\/PROKKA_11072022\.sprot\.tmp\.59283\.blast 2> /dev/null
[02:09:43] Modify product: Probable glucosamine-6-phosphate deaminase 2 => putative glucosamine-6-phosphate deaminase 2
[02:09:43] Modify product: UPF0167 protein CbrC => hypothetical protein
[02:09:43] Modify product: Probable 2-dehydro-3-deoxygalactonokinase DgoK1 => putative 2-dehydro-3-deoxygalactonokinase DgoK1
[02:09:43] Modify product: Uncharacterized symporter YidK => putative symporter YidK
[02:09:43] Modify product: Uncharacterized inner membrane transporter YicL => putative inner membrane transporter YicL
[02:09:43] Modify product: UPF0126 inner membrane protein YicG => hypothetical protein
[02:09:43] Modify product: UPF0701 protein YicC => hypothetical protein
[02:09:43] Modify product: UPF0758 protein YsxA => hypothetical protein
[02:09:43] Modify product: UPF0758 protein CT0611 => hypothetical protein
[02:09:43] Modify product: UPF0401 protein YkfF => hypothetical protein
[02:09:43] Modify product: Probable Fe(2+)-trafficking protein => putative Fe(2+)-trafficking protein
[02:09:43] Modify product: Uncharacterized protein HI_0341 => putative protein
[02:09:43] Modify product: UPF0235 protein YggU => hypothetical protein
[02:09:43] Modify product: Uncharacterized protein YggR => putative protein YggR
[02:09:43] Modify product: UPF0301 protein YqgE => hypothetical protein
[02:09:43] Modify product: UPF0149 protein HI_0817 => hypothetical protein
[02:09:43] Modify product: Uncharacterized oxidoreductase YgfF => putative oxidoreductase YgfF
[02:09:43] Modify product: UPF0267 protein YqfB => hypothetical protein
[02:09:43] Modify product: UPF0073 inner membrane protein YqfA => hypothetical protein
[02:09:44] Modify product: Uncharacterized protein YqfG => putative protein YqfG
[02:09:44] Modify product: Uncharacterized protein YhcO => putative protein YhcO
[02:09:44] Modify product: Probable acrylyl-CoA reductase AcuI => putative acrylyl-CoA reductase AcuI
[02:09:44] Modify product: Uncharacterized membrane protein YhdT => putative membrane protein YhdT
[02:09:44] Modify product: Probable transcriptional regulator PhnF => putative transcriptional regulator PhnF
[02:09:44] Modify product: Uncharacterized protein YjdJ => putative protein YjdJ
[02:09:44] Modify product: Probable cadaverine/lysine antiporter => putative cadaverine/lysine antiporter
[02:09:44] Modify product: UPF0716 protein FxsA => hypothetical protein
[02:09:44] Modify product: UPF0719 inner membrane protein YjfL => hypothetical protein
[02:09:44] Modify product: Probable L-ascorbate-6-phosphate lactonase UlaG => putative L-ascorbate-6-phosphate lactonase UlaG
[02:09:44] Modify product: Uncharacterized protein YtfJ => putative protein YtfJ
[02:09:44] Modify product: UPF0053 inner membrane protein YtfL => hypothetical protein
[02:09:44] Modify product: UPF0307 protein YjgA => hypothetical protein
[02:09:44] Modify product: Uncharacterized protein YjgL => putative protein YjgL
[02:09:44] Modify product: Uncharacterized oxidoreductase YjhC => putative oxidoreductase YjhC
[02:09:44] Modify product: Uncharacterized protein YthA => putative protein YthA
[02:09:44] Modify product: Probable RNA polymerase sigma factor FecI => putative RNA polymerase sigma factor FecI
[02:09:44] Modify product: Uncharacterized oxidoreductase YdgJ => putative oxidoreductase YdgJ
[02:09:44] Modify product: Probable dimethyl sulfoxide reductase chain YnfF => putative dimethyl sulfoxide reductase chain YnfF
[02:09:44] Modify product: Uncharacterized protein YnfD => putative protein YnfD
[02:09:44] Modify product: UPF0482 protein YnfB => hypothetical protein
[02:09:44] Modify product: UPF0060 membrane protein YnfA => hypothetical protein
[02:09:45] Modify product: Probable transcriptional regulatory protein YebC => putative transcriptional regulatory protein YebC
[02:09:45] Modify product: Uncharacterized protein YebV => putative protein YebV
[02:09:45] Modify product: Probable manganese efflux pump MntP => putative manganese efflux pump MntP
[02:09:45] Modify product: UPF0266 membrane protein YobD => hypothetical protein
[02:09:45] Modify product: UPF0053 inner membrane protein YoaE => hypothetical protein
[02:09:45] Modify product: Probable cyclic di-GMP phosphodiesterase PdeD => putative cyclic di-GMP phosphodiesterase PdeD
[02:09:45] Modify product: Probable ATP-dependent DNA helicase YoaA => putative ATP-dependent DNA helicase YoaA
[02:09:45] Modify product: Uncharacterized methyltransferase YcgJ => putative methyltransferase YcgJ
[02:09:45] Modify product: UPF0438 protein YifE => hypothetical protein
[02:09:45] Modify product: Probable ECA polymerase => putative ECA polymerase
[02:09:45] Modify product: Probable transport protein YifK => putative transport protein YifK
[02:09:45] Modify product: Uncharacterized HTH-type transcriptional regulator YahB => putative HTH-type transcriptional regulator YahB
[02:09:45] Modify product: Uncharacterized protein YbiU => putative protein YbiU
[02:09:45] Modify product: Uncharacterized ABC transporter ATP-binding protein YbiT => putative ABC transporter ATP-binding protein YbiT
[02:09:45] Modify product: Probable L,D-transpeptidase YbiS => putative L,D-transpeptidase YbiS
[02:09:45] Modify product: Uncharacterized protein McbA => putative protein McbA
[02:09:45] Modify product: PKHD-type hydroxylase Sbal_3634 => PKHD-type hydroxylase
[02:09:45] Modify product: Uncharacterized protein YbiI => putative protein YbiI
[02:09:45] Modify product: Uncharacterized protein YbiB => putative protein YbiB
[02:09:45] Modify product: UPF0194 membrane protein YbhG => hypothetical protein
[02:09:45] Modify product: Probable multidrug ABC transporter ATP-binding protein YbhF => putative multidrug ABC transporter ATP-binding protein YbhF
[02:09:45] Modify product: Probable multidrug ABC transporter permease YbhS => putative multidrug ABC transporter permease YbhS
[02:09:45] Modify product: Probable multidrug ABC transporter permease YbhR => putative multidrug ABC transporter permease YbhR
[02:09:45] Modify product: UPF0098 protein YbhB => hypothetical protein
[02:09:45] Modify product: Probable diguanylate cyclase DgcT => putative diguanylate cyclase DgcT
[02:09:45] Modify product: Probable malonic semialdehyde reductase RutE => putative malonic semialdehyde reductase RutE
[02:09:45] Modify product: Uncharacterized protein YccJ => putative protein YccJ
[02:09:45] Modify product: Uncharacterized lipoprotein GfcB => putative lipoprotein GfcB
[02:09:45] Modify product: Probable Ni/Fe-hydrogenase 1 B-type cytochrome subunit => putative Ni/Fe-hydrogenase 1 B-type cytochrome subunit
[02:09:45] Modify product: Uncharacterized protein YccU => putative protein YccU
[02:09:45] Modify product: UPF0319 protein HI_1681 => hypothetical protein
[02:09:45] Modify product: Uncharacterized protein YcbX => putative protein YcbX
[02:09:45] Modify product: Uncharacterized fimbrial chaperone YcbF => putative fimbrial chaperone YcbF
[02:09:45] Modify product: Uncharacterized fimbrial-like protein YcbV => putative fimbrial-like protein YcbV
[02:09:45] Modify product: Uncharacterized fimbrial-like protein YcbU => putative fimbrial-like protein YcbU
[02:09:45] Modify product: Uncharacterized fimbrial-like protein ElfG => putative fimbrial-like protein ElfG
[02:09:45] Modify product: Probable outer membrane usher protein ElfC => putative outer membrane usher protein ElfC
[02:09:45] Modify product: Probable fimbrial chaperone protein ElfD => putative fimbrial chaperone protein ElfD
[02:09:45] Modify product: Probable L,D-transpeptidase YcbB => putative L,D-transpeptidase YcbB
[02:09:45] Modify product: UPF0434 protein YcaR => hypothetical protein
[02:09:45] Modify product: Probable formate transporter 1 => putative formate transporter 1
[02:09:45] Modify product: Uncharacterized MFS-type transporter YcaD => putative MFS-type transporter YcaD
[02:09:45] Modify product: Probable hydrolase YcaC => putative hydrolase YcaC
[02:09:46] Modify product: Uncharacterized protein YdfO => putative protein YdfO
[02:09:46] Modify product: Probable two-component-system connector protein YcgZ => putative two-component-system connector protein YcgZ
[02:09:46] Modify product: Probable two-component-system connector protein AriR => putative two-component-system connector protein AriR
[02:09:46] Modify product: Uncharacterized protein YmgC => putative protein YmgC
[02:09:46] Modify product: Probable cyclic di-GMP phosphodiesterase PdeG => putative cyclic di-GMP phosphodiesterase PdeG
[02:09:46] Modify product: Uncharacterized protein YmgD => putative protein YmgD
[02:09:46] Modify product: UPF0757 protein YmgG => hypothetical protein
[02:09:46] Modify product: Uncharacterized protein YcgM => putative protein YcgM
[02:09:46] Modify product: UPF0225 protein YchJ => hypothetical protein
[02:09:46] Modify product: Uncharacterized NTE family protein Rv1063c => putative NTE family protein
[02:09:46] Modify product: UPF0056 inner membrane protein MarC => hypothetical protein
[02:09:46] Modify product: UPF0263 protein YciU => hypothetical protein
[02:09:46] Modify product: Uncharacterized acyl-CoA thioester hydrolase HI_0827 => putative acyl-CoA thioester hydrolase
[02:09:46] Modify product: Probable intracellular septation protein A => putative intracellular septation protein A
[02:09:46] Modify product: UPF0259 membrane protein YciC => hypothetical protein
[02:09:46] Modify product: Uncharacterized protein YciO => putative protein YciO
[02:09:46] Modify product: Probable acyltransferase YihG => putative acyltransferase YihG
[02:09:46] Modify product: Probable GTP-binding protein EngB => putative GTP-binding protein EngB
[02:09:46] Modify product: Uncharacterized protein YshB => putative protein YshB
[02:09:46] Modify product: Uncharacterized protein YihR => putative protein YihR
[02:09:46] Modify product: UPF0761 membrane protein YihY => hypothetical protein
[02:09:46] Modify product: UPF0381 protein YiiS => hypothetical protein
[02:09:46] Modify product: Probable cystine transporter YijE => putative cystine transporter YijE
[02:09:46] Modify product: Uncharacterized ferredoxin-like protein YdhY => putative ferredoxin-like protein YdhY
[02:09:46] Modify product: Uncharacterized oxidoreductase YdhV => putative oxidoreductase YdhV
[02:09:46] Modify product: Uncharacterized protein YdhW => putative protein YdhW
[02:09:46] Modify product: Uncharacterized ferredoxin-like protein YdhX => putative ferredoxin-like protein YdhX
[02:09:46] Modify product: Uncharacterized protein YdhT => putative protein YdhT
[02:09:46] Modify product: Probable autotransporter ROD_p1121 => putative autotransporter
[02:09:46] Modify product: Uncharacterized HTH-type transcriptional regulator YahB => putative HTH-type transcriptional regulator YahB
[02:09:46] Modify product: Uncharacterized protein YnhF => putative protein YnhF
[02:09:46] Modify product: Probable 2-dehydro-3-deoxygalactonokinase DgoK1 => putative 2-dehydro-3-deoxygalactonokinase DgoK1
[02:09:46] Modify product: Probable protein kinase UbiB => putative protein kinase UbiB
[02:09:46] Modify product: Uncharacterized protein YphB => putative protein YphB
[02:09:46] Modify product: Probable 3-phenylpropionic acid transporter => putative 3-phenylpropionic acid transporter
[02:09:46] Modify product: Uncharacterized protein Rv2307c => putative protein
[02:09:46] Modify product: UPF0070 protein HI_0370 => hypothetical protein
[02:09:46] Modify product: Uncharacterized protein YfgJ => putative protein YfgJ
[02:09:47] Modify product: Uncharacterized protein YfgD => putative protein YfgD
[02:09:47] Modify product: Probable formate transporter 2 => putative formate transporter 2
[02:09:47] Modify product: Uncharacterized protein Rv2575 => putative protein
[02:09:47] Modify product: Probable multidrug resistance protein EmrY => putative multidrug resistance protein EmrY
[02:09:47] Modify product: Probable multidrug resistance protein EmrK => putative multidrug resistance protein EmrK
[02:09:47] Modify product: Probable cyclic di-GMP phosphodiesterase PdeA => putative cyclic di-GMP phosphodiesterase PdeA
[02:09:47] Modify product: Uncharacterized protein YfeY => putative protein YfeY
[02:09:47] Modify product: Uncharacterized oxidoreductase YciK => putative oxidoreductase YciK
[02:09:47] Modify product: Probable protease SohB => putative protease SohB
[02:09:47] Modify product: Uncharacterized protein YciH => putative protein YciH
[02:09:47] Modify product: UPF0509 protein YciZ => hypothetical protein
[02:09:47] Modify product: Probable peptidoglycan glycosyltransferase FtsW => putative peptidoglycan glycosyltransferase FtsW
[02:09:47] Modify product: UPF0231 protein YacL => hypothetical protein
[02:09:47] Modify product: Uncharacterized ABC transporter ATP-binding protein YadG => putative ABC transporter ATP-binding protein YadG
[02:09:47] Modify product: Uncharacterized fimbrial-like protein YadC => putative fimbrial-like protein YadC
[02:09:47] Modify product: Uncharacterized fimbrial-like protein YadK => putative fimbrial-like protein YadK
[02:09:47] Modify product: Uncharacterized fimbrial-like protein YadL => putative fimbrial-like protein YadL
[02:09:47] Modify product: Uncharacterized fimbrial-like protein YadM => putative fimbrial-like protein YadM
[02:09:47] Modify product: Probable fimbrial chaperone YadV => putative fimbrial chaperone YadV
[02:09:47] Modify product: Uncharacterized fimbrial-like protein YadN => putative fimbrial-like protein YadN
[02:09:47] Modify product: UPF0126 inner membrane protein YadS => hypothetical protein
[02:09:47] Modify product: UPF0253 protein YaeP => hypothetical protein
[02:09:47] Modify product: Uncharacterized protein YaeQ => putative protein YaeQ
[02:09:47] Modify product: UPF0145 protein YbjQ => hypothetical protein
[02:09:47] Modify product: Uncharacterized lipoprotein YbjP => putative lipoprotein YbjP
[02:09:47] Modify product: Uncharacterized protein YbjN => putative protein YbjN
[02:09:47] Modify product: Prophage tail fiber assembly protein homolog TfaE => Prophage tail fiber assembly protein TfaE
[02:09:47] Modify product: Uncharacterized protein YbiI => putative protein YbiI
[02:09:47] Modify product: Probable cyclic di-GMP phosphodiesterase PdeI => putative cyclic di-GMP phosphodiesterase PdeI
[02:09:48] Modify product: Uncharacterized FAD-linked oxidoreductase Rv2280 => putative FAD-linked oxidoreductase
[02:09:48] Modify product: Uncharacterized protein YtfJ => putative protein YtfJ
[02:09:48] Modify product: Probable Ni/Fe-hydrogenase 2 b-type cytochrome subunit => putative Ni/Fe-hydrogenase 2 b-type cytochrome subunit
[02:09:48] Modify product: Uncharacterized oxidoreductase YghA => putative oxidoreductase YghA
[02:09:48] Modify product: Probable deoxycholate-binding periplasmic protein YgiS => putative deoxycholate-binding periplasmic protein YgiS
[02:09:48] Modify product: Probable quinol monooxygenase YgiN => putative quinol monooxygenase YgiN
[02:09:48] Modify product: Uncharacterized fimbrial-like protein YbgD => putative fimbrial-like protein YbgD
[02:09:48] Modify product: Probable glycerol-3-phosphate acyltransferase => putative glycerol-3-phosphate acyltransferase
[02:09:48] Modify product: Uncharacterized protein YqjD => putative protein YqjD
[02:09:48] Modify product: UPF0597 protein YhaM => hypothetical protein
[02:09:48] Modify product: Probable serine transporter => putative serine transporter
[02:09:48] Modify product: Probable galactarate transporter => putative galactarate transporter
[02:09:48] Modify product: Uncharacterized fimbrial-like protein YraH => putative fimbrial-like protein YraH
[02:09:48] Modify product: Probable fimbrial chaperone YraI => putative fimbrial chaperone YraI
[02:09:48] Modify product: Uncharacterized fimbrial-like protein YraK => putative fimbrial-like protein YraK
[02:09:48] Modify product: UPF0213 protein BH0048 => hypothetical protein
[02:09:48] Modify product: Uncharacterized protease YhbU => putative protease YhbU
[02:09:48] Modify product: Uncharacterized inner membrane transporter YhbE => putative inner membrane transporter YhbE
[02:09:48] Modify product: Uncharacterized protein YrbL => putative protein YrbL
[02:09:48] Modify product: Uncharacterized protein YhcH => putative protein YhcH
[02:09:48] Modify product: Uncharacterized protein YcjX => putative protein YcjX
[02:09:48] Modify product: UPF0283 membrane protein YcjF => hypothetical protein
[02:09:48] Modify product: Uncharacterized protein YcjY => putative protein YcjY
[02:09:48] Modify product: Probable DNA endonuclease SmrA => putative DNA endonuclease SmrA
[02:09:48] Modify product: Uncharacterized protein YdaG => putative protein YdaG
[02:09:48] Modify product: Probable inner membrane protein Smp => putative inner membrane protein Smp
[02:09:48] Modify product: Uncharacterized protein YjjI => putative protein YjjI
[02:09:48] Modify product: Uncharacterized metal-dependent hydrolase YjjV => putative metal-dependent hydrolase YjjV
[02:09:48] Modify product: UPF0442 protein YjjB => hypothetical protein
[02:09:48] Modify product: Probable HTH-type transcriptional regulator LgoR => putative HTH-type transcriptional regulator LgoR
[02:09:48] Modify product: Probable HTH-type transcriptional regulator LgoR => putative HTH-type transcriptional regulator LgoR
[02:09:48] Modify product: Probable L-galactonate transporter => putative L-galactonate transporter
[02:09:49] Modify product: Probable fimbrial chaperone EcpE => putative fimbrial chaperone EcpE
[02:09:49] Modify product: Probable outer membrane usher protein EcpC => putative outer membrane usher protein EcpC
[02:09:49] Modify product: Probable fimbrial chaperone EcpB => putative fimbrial chaperone EcpB
[02:09:49] Modify product: Uncharacterized membrane protein YkgR => putative membrane protein YkgR
[02:09:49] Modify product: Probable pyridine nucleotide-disulfide oxidoreductase RclA => putative pyridine nucleotide-disulfide oxidoreductase RclA
[02:09:49] Modify product: Uncharacterized HTH-type transcriptional regulator YahB => putative HTH-type transcriptional regulator YahB
[02:09:49] Modify product: Uncharacterized transporter YycB => putative transporter YycB
[02:09:49] Modify product: Probable HTH-type transcriptional regulator YgaV => putative HTH-type transcriptional regulator YgaV
[02:09:49] Modify product: Uncharacterized protein YgaM => putative protein YgaM
[02:09:49] Modify product: Probable transporter SCO4007 => putative transporter
[02:09:49] Modify product: Uncharacterized HTH-type transcriptional regulator RhmR => putative HTH-type transcriptional regulator RhmR
[02:09:49] Modify product: Probable 4-deoxy-4-formamido-L-arabinose-phosphoundecaprenol deformylase ArnD => putative 4-deoxy-4-formamido-L-arabinose-phosphoundecaprenol deformylase ArnD
[02:09:49] Modify product: Probable 4-amino-4-deoxy-L-arabinose-phosphoundecaprenol flippase subunit ArnE => putative 4-amino-4-deoxy-L-arabinose-phosphoundecaprenol flippase subunit ArnE
[02:09:49] Modify product: Probable 4-amino-4-deoxy-L-arabinose-phosphoundecaprenol flippase subunit ArnF => putative 4-amino-4-deoxy-L-arabinose-phosphoundecaprenol flippase subunit ArnF
[02:09:49] Modify product: Uncharacterized protein HI_1008 => putative protein
[02:09:49] Modify product: Probable multidrug resistance ABC transporter ATP-binding/permease protein YheI => putative multidrug resistance ABC transporter ATP-binding/permease protein YheI
[02:09:49] Modify product: Uncharacterized lipoprotein YbaY => putative lipoprotein YbaY
[02:09:49] Modify product: Uncharacterized protein YbaA => putative protein YbaA
[02:09:49] Modify product: Probable cyclic di-GMP phosphodiesterase PdeB => putative cyclic di-GMP phosphodiesterase PdeB
[02:09:49] Modify product: Uncharacterized HTH-type transcriptional regulator YbaQ => putative HTH-type transcriptional regulator YbaQ
[02:09:49] Modify product: Probable iron export ATP-binding protein FetA => putative iron export ATP-binding protein FetA
[02:09:49] Modify product: Probable iron export permease protein FetB => putative iron export permease protein FetB
[02:09:49] Modify product: Cytochrome b561 homolog 1 => Cytochrome b561 
[02:09:49] Modify product: Probable transcriptional regulatory protein YeeN => putative transcriptional regulatory protein YeeN
[02:09:49] Modify product: Probable FMN/FAD exporter YeeO => putative FMN/FAD exporter YeeO
[02:09:49] Modify product: Probable L,D-transpeptidase ErfK/SrfK => putative L,D-transpeptidase ErfK/SrfK
[02:09:49] Modify product: UPF0265 protein YeeX => hypothetical protein
[02:09:49] Modify product: UPF0394 inner membrane protein YeeE => hypothetical protein
[02:09:49] Modify product: Uncharacterized lipoprotein YgdR => putative lipoprotein YgdR
[02:09:49] Modify product: UPF0053 inner membrane protein YgdQ => hypothetical protein
[02:09:49] Modify product: Uncharacterized lipoprotein YgdR => putative lipoprotein YgdR
[02:09:49] Modify product: UPF0382 inner membrane protein YgdD => hypothetical protein
[02:09:49] Modify product: Uncharacterized HTH-type transcriptional regulator YdjF => putative HTH-type transcriptional regulator YdjF
[02:09:49] Modify product: UPF0056 inner membrane protein MarC => hypothetical protein
[02:09:49] Modify product: Probable amino-acid metabolite efflux pump => putative amino-acid metabolite efflux pump
[02:09:49] Modify product: Probable lipoprotein YiaD => putative lipoprotein YiaD
[02:09:50] Modify product: Uncharacterized MFS-type transporter YhjX => putative MFS-type transporter YhjX
[02:09:50] Modify product: Probable cyclic di-GMP phosphodiesterase PdeK => putative cyclic di-GMP phosphodiesterase PdeK
[02:09:50] Modify product: UPF0337 protein YjbJ => hypothetical protein
[02:09:50] Modify product: Uncharacterized protein YjbR => putative protein YjbR
[02:09:50] Modify product: Probable cyclic di-GMP phosphodiesterase PdeC => putative cyclic di-GMP phosphodiesterase PdeC
[02:09:50] Modify product: Probable cyclic di-GMP phosphodiesterase PdeC => putative cyclic di-GMP phosphodiesterase PdeC
[02:09:50] Modify product: Uncharacterized ferredoxin-like protein YdhX => putative ferredoxin-like protein YdhX
[02:09:50] Modify product: Uncharacterized lipoprotein YajI => putative lipoprotein YajI
[02:09:50] Modify product: UPF0234 protein YajQ => hypothetical protein
[02:09:50] Modify product: Probable L,D-transpeptidase YnhG => putative L,D-transpeptidase YnhG
[02:09:50] Modify product: Probable ATP-dependent transporter SufC => putative ATP-dependent transporter SufC
[02:09:50] Modify product: Uncharacterized protein HI_1163 => putative protein
[02:09:50] Modify product: Uncharacterized protein YdiE => putative protein YdiE
[02:09:50] Modify product: Uncharacterized protein YniD => putative protein YniD
[02:09:50] Modify product: Probable [Fe-S]-dependent transcriptional repressor FeoC => putative [Fe-S]-dependent transcriptional repressor FeoC
[02:09:50] Modify product: Putative membrane protein IgaA homolog => Putative membrane protein IgaA 
[02:09:50] Modify product: Uncharacterized protein YhfX => putative protein YhfX
[02:09:50] Modify product: Uncharacterized protein YhfS => putative protein YhfS
[02:09:50] Modify product: Uncharacterized protein YbbC => putative protein YbbC
[02:09:50] Modify product: Uncharacterized protein YbcJ => putative protein YbcJ
[02:09:50] Modify product: Bifunctional protein FolD => Bifunctional protein FolD protein
[02:09:50] Modify product: Uncharacterized fimbrial-like protein SfmA => putative fimbrial-like protein SfmA
[02:09:50] Modify product: Probable fimbrial chaperone SfmC => putative fimbrial chaperone SfmC
[02:09:50] Modify product: Uncharacterized lipoprotein YehR => putative lipoprotein YehR
[02:09:50] Modify product: Uncharacterized protein YehL => putative protein YehL
[02:09:50] Modify product: Uncharacterized protein YncE => putative protein YncE
[02:09:50] Modify product: Uncharacterized protein YdcY => putative protein YdcY
[02:09:50] Modify product: Probable mRNA interferase toxin HicA => putative mRNA interferase toxin HicA
[02:09:50] Modify product: 23S rRNA 5-hydroxycytidine C2501 synthase => 23S rRNA 5-hydroxycytidine synthase
[02:09:50] Modify product: Uncharacterized protein Rv3292 => putative protein
[02:09:50] Modify product: Uncharacterized protein YhfS => putative protein YhfS
[02:09:50] Modify product: Probable fructoselysine utilization operon transcriptional repressor => putative fructoselysine utilization operon transcriptional repressor
[02:09:50] Modify product: Probable fructoselysine/psicoselysine transporter FrlA => putative fructoselysine/psicoselysine transporter FrlA
[02:09:50] Modify product: Uncharacterized protein YhfG => putative protein YhfG
[02:09:50] Modify product: Probable protein adenylyltransferase Fic => putative protein adenylyltransferase Fic
[02:09:50] Modify product: UPF0270 protein PA3463 => hypothetical protein
[02:09:50] Modify product: Uncharacterized ABC transporter ATP-binding protein YheS => putative ABC transporter ATP-binding protein YheS
[02:09:50] Modify product: Protein SlyX homolog => Protein SlyX 
[02:09:50] Modify product: Uncharacterized protein HI_0431 => putative protein
[02:09:51] Modify product: Uncharacterized protein HI_0933 => putative protein
[02:09:51] Modify product: UPF0125 protein RatB => hypothetical protein
[02:09:51] Modify product: UPF0053 inner membrane protein YfjD => hypothetical protein
[02:09:51] Modify product: Uncharacterized tRNA/rRNA methyltransferase YfiF => putative tRNA/rRNA methyltransferase YfiF
[02:09:51] Modify product: Probable major fimbrial subunit LpfA => putative major fimbrial subunit LpfA
[02:09:51] Modify product: Probable RNA 2'-phosphotransferase => putative RNA 2'-phosphotransferase
[02:09:51] Modify product: Uncharacterized protein YjiK => putative protein YjiK
[02:09:51] Modify product: Uncharacterized HTH-type transcriptional regulator YbdO => putative HTH-type transcriptional regulator YbdO
[02:09:51] Modify product: UPF0250 protein YbeD => hypothetical protein
[02:09:51] Modify product: UPF0324 inner membrane protein YeiH => hypothetical protein
[02:09:51] Modify product: UPF0299 membrane protein YohJ => hypothetical protein
[02:09:51] Modify product: UPF0381 protein YiiS => hypothetical protein
[02:09:51] Modify product: Uncharacterized fimbrial-like protein YfcV => putative fimbrial-like protein YfcV
[02:09:51] Modify product: Probable fimbrial chaperone YfcS => putative fimbrial chaperone YfcS
[02:09:51] Modify product: Uncharacterized fimbrial-like protein YfcR => putative fimbrial-like protein YfcR
[02:09:51] Modify product: Uncharacterized fimbrial-like protein YfcQ => putative fimbrial-like protein YfcQ
[02:09:51] Modify product: Uncharacterized fimbrial-like protein YfcP => putative fimbrial-like protein YfcP
[02:09:51] Modify product: Uncharacterized protein YfcO => putative protein YfcO
[02:09:51] Modify product: Probable membrane transporter protein YfcA => putative membrane transporter protein YfcA
[02:09:51] Modify product: Uncharacterized MFS-type transporter YfcJ => putative MFS-type transporter YfcJ
[02:09:51] Modify product: Epimerase family protein SA0724 => Epimerase family protein
[02:09:51] Modify product: Uncharacterized Nudix hydrolase YfcD => putative Nudix hydrolase YfcD
[02:09:51] Modify product: UPF0208 membrane protein YfbV => hypothetical protein
[02:09:51] Modify product: UPF0304 protein YfbU => hypothetical protein
[02:09:51] Modify product: Uncharacterized protein YeaR => putative protein YeaR
[02:09:51] Modify product: Probable diguanylate cyclase DgcJ => putative diguanylate cyclase DgcJ
[02:09:51] Modify product: Probable diguanylate cyclase CdgI => putative diguanylate cyclase CdgI
[02:09:51] Modify product: Stress response UPF0229 protein YhbH => hypothetical protein
[02:09:51] Modify product: Uncharacterized zinc-type alcohol dehydrogenase-like protein YdjJ => putative zinc-type alcohol dehydrogenase-like protein YdjJ
[02:09:51] Modify product: Uncharacterized protein YdjI => putative protein YdjI
[02:09:51] Modify product: Uncharacterized sugar kinase YdjH => putative sugar kinase YdjH
[02:09:51] Modify product: Uncharacterized HTH-type transcriptional regulator YdjF => putative HTH-type transcriptional regulator YdjF
[02:09:51] Modify product: Probable ketoamine kinase lp_1983 => putative ketoamine kinase
[02:09:51] Modify product: Uncharacterized MFS-type transporter YhhS => putative MFS-type transporter YhhS
[02:09:51] Modify product: Uncharacterized protein YhhA => putative protein YhhA
[02:09:51] Modify product: Uncharacterized oxidoreductase YhhX => putative oxidoreductase YhhX
[02:09:51] Modify product: UPF0056 inner membrane protein YhgN => hypothetical protein
[02:09:51] Modify product: Probable autotransporter YfaL => putative autotransporter YfaL
[02:09:52] Modify product: 23S rRNA 5-hydroxycytidine C2501 synthase => 23S rRNA 5-hydroxycytidine synthase
[02:09:52] Modify product: UPF0339 protein YegP => hypothetical protein
[02:09:52] Modify product: Probable diguanylate cyclase DgcE => putative diguanylate cyclase DgcE
[02:09:52] Modify product: UPF0053 inner membrane protein YoaE => hypothetical protein
[02:09:52] Modify product: Probable phosphatase YcdX => putative phosphatase YcdX
[02:09:52] Modify product: Uncharacterized protein YmdA => putative protein YmdA
[02:09:52] Modify product: UPF0176 protein YceA => hypothetical protein
[02:09:52] Modify product: Cytochrome b561 homolog 2 => Cytochrome b561 
[02:09:52] Modify product: Uncharacterized protein YceO => putative protein YceO
[02:09:52] Modify product: Uncharacterized lipoprotein YceB => putative lipoprotein YceB
[02:09:52] Modify product: UPF0502 protein YceH => hypothetical protein
[02:09:52] Modify product: Uncharacterized metal-dependent hydrolase YcfH => putative metal-dependent hydrolase YcfH
[02:09:52] Modify product: UPF0227 protein YcfP => hypothetical protein
[02:09:52] Modify product: Probable L,D-transpeptidase YcfS => putative L,D-transpeptidase YcfS
[02:09:52] Modify product: Probable autotransporter ROD_p1121 => putative autotransporter
[02:09:52] Modify product: UPF0352 protein YejL => hypothetical protein
[02:09:52] Modify product: Uncharacterized protein YejG => putative protein YejG
[02:09:52] Modify product: Uncharacterized ABC transporter ATP-binding protein YejF => putative ABC transporter ATP-binding protein YejF
[02:09:52] Modify product: Probable cyclic di-GMP phosphodiesterase PdeN => putative cyclic di-GMP phosphodiesterase PdeN
[02:09:52] Modify product: UPF0153 protein YeiW => hypothetical protein
[02:09:52] Modify product: Uncharacterized fimbrial-like protein SfmH => putative fimbrial-like protein SfmH
[02:09:52] Modify product: Uncharacterized fimbrial-like protein SfmF => putative fimbrial-like protein SfmF
[02:09:52] Modify product: UPF0098 protein YbcL => hypothetical protein
[02:09:52] Modify product: Uncharacterized protein YlcG => putative protein YlcG
[02:09:52] Modify product: Uncharacterized protein YqcC => putative protein YqcC
[02:09:52] Modify product: Uncharacterized protein PA3435 => putative protein
[02:09:52] Modify product: Probable glucarate transporter => putative glucarate transporter
[02:09:52] Modify product: Uncharacterized protein YqcG => putative protein YqcG
[02:09:52] Modify product: Uncharacterized protein YgcP => putative protein YgcP
[02:09:52] Modify product: Uncharacterized lipoprotein ChiQ => putative lipoprotein ChiQ
[02:09:52] Modify product: Uncharacterized protein YbfE => putative protein YbfE
[02:09:52] Modify product: Uncharacterized fimbrial-like protein YbgD => putative fimbrial-like protein YbgD
[02:09:52] Modify product: GTP cyclohydrolase 1 type 2 homolog => GTP cyclohydrolase 1 type 2 
[02:09:52] Modify product: Uncharacterized protein YhcH => putative protein YhcH
[02:09:53] Modify product: Probable glutamate/gamma-aminobutyrate antiporter => putative glutamate/gamma-aminobutyrate antiporter
[02:09:53] Modify product: Probable D,D-dipeptide-binding periplasmic protein DdpA => putative D,D-dipeptide-binding periplasmic protein DdpA
[02:09:53] Modify product: Probable D,D-dipeptide transport system permease protein DdpB => putative D,D-dipeptide transport system permease protein DdpB
[02:09:53] Modify product: Probable D,D-dipeptide transport system permease protein DdpC => putative D,D-dipeptide transport system permease protein DdpC
[02:09:53] Modify product: Probable D,D-dipeptide transport ATP-binding protein DdpD => putative D,D-dipeptide transport ATP-binding protein DdpD
[02:09:53] Modify product: Probable D,D-dipeptide transport ATP-binding protein DdpF => putative D,D-dipeptide transport ATP-binding protein DdpF
[02:09:53] Modify product: Uncharacterized HTH-type transcriptional regulator YddM => putative HTH-type transcriptional regulator YddM
[02:09:53] Modify product: Probable nitrate reductase molybdenum cofactor assembly chaperone NarW => putative nitrate reductase molybdenum cofactor assembly chaperone NarW
[02:09:53] Modify product: Uncharacterized isomerase YddE => putative isomerase YddE
[02:09:53] Modify product: Uncharacterized isomerase YddE => putative isomerase YddE
[02:09:53] Modify product: Uncharacterized protein YibN => putative protein YibN
[02:09:53] Modify product: Uncharacterized protein YibL => putative protein YibL
[02:09:53] Modify product: Uncharacterized oxidoreductase YohF => putative oxidoreductase YohF
[02:09:53] Modify product: UPF0387 membrane protein YohO => hypothetical protein
[02:09:53] Modify product: Uncharacterized protein YbdM => putative protein YbdM
[02:09:53] Modify product: Uncharacterized N-acetyltransferase YafP => putative N-acetyltransferase YafP
[02:09:53] Modify product: UPF0255 protein VV1_0328 => hypothetical protein
[02:09:53] Modify product: Uncharacterized protein YnbC => putative protein YnbC
[02:09:53] Modify product: Uncharacterized protein YnbD => putative protein YnbD
[02:09:53] Modify product: Uncharacterized lipoprotein GfcB => putative lipoprotein GfcB
[02:09:53] Modify product: Uncharacterized protein YjhP => putative protein YjhP
[02:09:53] Modify product: Probable 9-O-acetyl-N-acetylneuraminic acid deacetylase => putative 9-O-acetyl-N-acetylneuraminic acid deacetylase
[02:09:53] Modify product: Probable N-acetylneuraminic acid outer membrane channel protein NanC => putative N-acetylneuraminic acid outer membrane channel protein NanC
[02:09:53] Modify product: Probable bifunctional chitinase/lysozyme => putative bifunctional chitinase/lysozyme
[02:09:53] Modify product: Probable zinc-binding alcohol dehydrogenase Rv1895 => putative zinc-binding alcohol dehydrogenase
[02:09:53] Modify product: Probable deoxyribonuclease RhsA => putative deoxyribonuclease RhsA
[02:09:53] Modify product: Uncharacterized protein YaiA => putative protein YaiA
[02:09:53] Modify product: UPF0178 protein YaiI => hypothetical protein
[02:09:53] Modify product: Probable diguanylate cyclase DgcC => putative diguanylate cyclase DgcC
[02:09:53] Modify product: Uncharacterized GST-like protein YibF => putative GST-like protein YibF
[02:09:53] Modify product: Probable transport protein HsrA => putative transport protein HsrA
[02:09:53] Cleaned 361 /product names
[02:09:53] Deleting unwanted file: 03_annotation/prokka_evol/PROKKA_11072022.sprot.tmp.59283.faa
[02:09:53] Deleting unwanted file: 03_annotation/prokka_evol/PROKKA_11072022.sprot.tmp.59283.blast
[02:09:54] There are still 762 unannotated CDS left (started with 4200)
[02:09:54] Will use hmmer3 to search against /opt/conda/envs/prokka/db/hmm/HAMAP.hmm with 8 CPUs
[02:09:54] Running: cat 03_annotation\/prokka_evol\/PROKKA_11072022\.HAMAP\.hmm\.tmp\.59283\.faa | parallel --gnu --plain -j 8 --block 12139 --recstart '>' --pipe hmmscan --noali --notextw --acc -E 1e-09 --cpu 1 /opt/conda/envs/prokka/db/hmm/HAMAP.hmm /dev/stdin > 03_annotation\/prokka_evol\/PROKKA_11072022\.HAMAP\.hmm\.tmp\.59283\.hmmer3 2> /dev/null
[02:10:10] Modify product: Uncharacterized Nudix hydrolase NudL => putative Nudix hydrolase NudL
[02:10:10] Cleaned 1 /product names
[02:10:10] Deleting unwanted file: 03_annotation/prokka_evol/PROKKA_11072022.HAMAP.hmm.tmp.59283.faa
[02:10:10] Deleting unwanted file: 03_annotation/prokka_evol/PROKKA_11072022.HAMAP.hmm.tmp.59283.hmmer3
[02:10:10] Labelling remaining 693 proteins as 'hypothetical protein'
[02:10:10] Possible /pseudo 'L-carnitine CoA-transferase' at NODE_3_length_202242_cov_25.843000 position 18490
[02:10:10] Possible /pseudo 'Ribosomal RNA small subunit methyltransferase G' at NODE_6_length_151742_cov_28.796433 position 10023
[02:10:10] Possible /pseudo 'Hemolysin E, chromosomal' at NODE_8_length_128491_cov_22.132470 position 35724
[02:10:10] Possible /pseudo 'Small toxic polypeptide LdrA' at NODE_8_length_128491_cov_22.132470 position 75546
[02:10:10] Possible /pseudo 'Small toxic polypeptide LdrA' at NODE_8_length_128491_cov_22.132470 position 76081
[02:10:10] Possible /pseudo 'Putative 2,3-dihydroxypropane-1-sulfonate exporter' at NODE_9_length_127786_cov_29.524802 position 25043
[02:10:10] Possible /pseudo 'Formate dehydrogenase-O major subunit' at NODE_9_length_127786_cov_29.524802 position 44362
[02:10:10] Possible /pseudo 'Inner membrane protein CreD' at NODE_16_length_93667_cov_25.452089 position 18368
[02:10:10] Possible /pseudo 'putative HTH-type transcriptional regulator LgoR' at NODE_16_length_93667_cov_25.452089 position 60243
[02:10:10] Possible /pseudo 'IS3 family transposase ISEcB1' at NODE_22_length_76699_cov_23.737556 position 74849
[02:10:10] Possible /pseudo 'Outer membrane usher protein FimD' at NODE_29_length_55232_cov_22.367056 position 18391
[02:10:10] Possible /pseudo 'Outer membrane usher protein FimD' at NODE_29_length_55232_cov_22.367056 position 19479
[02:10:10] Possible /pseudo 'Chaperone protein FocC' at NODE_29_length_55232_cov_22.367056 position 20207
[02:10:10] Possible /pseudo 'Small toxic polypeptide LdrD' at NODE_30_length_54299_cov_27.924791 position 21421
[02:10:10] Possible /pseudo 'putative cyclic di-GMP phosphodiesterase PdeC' at NODE_31_length_52832_cov_27.886343 position 24782
[02:10:10] Possible /pseudo 'Formate dehydrogenase H' at NODE_31_length_52832_cov_27.886343 position 47231
[02:10:10] Possible /pseudo 'Inner membrane transport protein YdiM' at NODE_33_length_51591_cov_20.838937 position 16754
[02:10:10] Possible /pseudo 'Putative anti-FlhC(2)FlhD(4) factor YdiV' at NODE_33_length_51591_cov_20.838937 position 37087
[02:10:10] Possible /pseudo 'Xylose import ATP-binding protein XylG' at NODE_39_length_40200_cov_28.002492 position 28782
[02:10:10] Possible /pseudo 'Formate dehydrogenase, nitrate-inducible, major subunit' at NODE_40_length_38477_cov_22.264609 position 23295
[02:10:10] Possible /pseudo 'putative isomerase YddE' at NODE_40_length_38477_cov_22.264609 position 36057
[02:10:10] Possible /pseudo 'Peptide transporter CstA' at NODE_51_length_27211_cov_22.738520 position 21667
[02:10:10] Possible /pseudo 'ISAs1 family transposase ISEc1' at NODE_71_length_4351_cov_25.728358 position 3407
[02:10:10] Found 3116 unique /gene codes.
[02:10:10] Fixed 2 duplicate /gene - yhfS_1 yhfS_2
[02:10:10] Fixed 2 duplicate /gene - gspA_1 gspA_2
[02:10:10] Fixed 3 duplicate /gene - papC_1 papC_2 papC_3
[02:10:10] Fixed 2 duplicate /gene - mipA_1 mipA_2
[02:10:10] Fixed 2 duplicate /gene - bioD1_1 bioD1_2
[02:10:10] Fixed 2 duplicate /gene - dam_1 dam_2
[02:10:10] Fixed 5 duplicate /gene - srlR_1 srlR_2 srlR_3 srlR_4 srlR_5
[02:10:10] Fixed 2 duplicate /gene - caiB_1 caiB_2
[02:10:10] Fixed 2 duplicate /gene - yhaJ_1 yhaJ_2
[02:10:10] Fixed 2 duplicate /gene - papD_1 papD_2
[02:10:10] Fixed 2 duplicate /gene - ulaE_1 ulaE_2
[02:10:10] Fixed 2 duplicate /gene - ydjZ_1 ydjZ_2
[02:10:10] Fixed 2 duplicate /gene - nanR_1 nanR_2
[02:10:10] Fixed 2 duplicate /gene - ttdT_1 ttdT_2
[02:10:10] Fixed 2 duplicate /gene - cysE_1 cysE_2
[02:10:10] Fixed 2 duplicate /gene - epsE_1 epsE_2
[02:10:10] Fixed 2 duplicate /gene - glpG_1 glpG_2
[02:10:10] Fixed 2 duplicate /gene - pgrR_1 pgrR_2
[02:10:10] Fixed 2 duplicate /gene - dmsC_1 dmsC_2
[02:10:10] Fixed 2 duplicate /gene - fryA_1 fryA_2
[02:10:10] Fixed 2 duplicate /gene - xdhA_1 xdhA_2
[02:10:10] Fixed 2 duplicate /gene - mdh_1 mdh_2
[02:10:10] Fixed 2 duplicate /gene - tsaR_1 tsaR_2
[02:10:10] Fixed 2 duplicate /gene - ydhX_1 ydhX_2
[02:10:10] Fixed 2 duplicate /gene - mtlA_1 mtlA_2
[02:10:10] Fixed 2 duplicate /gene - fdnH_1 fdnH_2
[02:10:10] Fixed 3 duplicate /gene - yahB_1 yahB_2 yahB_3
[02:10:10] Fixed 2 duplicate /gene - por_1 por_2
[02:10:10] Fixed 2 duplicate /gene - malT_1 malT_2
[02:10:10] Fixed 2 duplicate /gene - pitA_1 pitA_2
[02:10:10] Fixed 2 duplicate /gene - ygiW_1 ygiW_2
[02:10:10] Fixed 2 duplicate /gene - gatC_1 gatC_2
[02:10:10] Fixed 2 duplicate /gene - coaA_1 coaA_2
[02:10:10] Fixed 5 duplicate /gene - xerC_1 xerC_2 xerC_3 xerC_4 xerC_5
[02:10:10] Fixed 2 duplicate /gene - kefC_1 kefC_2
[02:10:10] Fixed 2 duplicate /gene - fdhF_1 fdhF_2
[02:10:10] Fixed 2 duplicate /gene - dadA_1 dadA_2
[02:10:10] Fixed 2 duplicate /gene - manP_1 manP_2
[02:10:10] Fixed 2 duplicate /gene - ompX_1 ompX_2
[02:10:10] Fixed 2 duplicate /gene - ssuC_1 ssuC_2
[02:10:10] Fixed 2 duplicate /gene - cra_1 cra_2
[02:10:10] Fixed 2 duplicate /gene - lptG_1 lptG_2
[02:10:10] Fixed 2 duplicate /gene - cusC_1 cusC_2
[02:10:10] Fixed 2 duplicate /gene - rhtC_1 rhtC_2
[02:10:10] Fixed 2 duplicate /gene - xerD_1 xerD_2
[02:10:10] Fixed 5 duplicate /gene - rhaS_1 rhaS_2 rhaS_3 rhaS_4 rhaS_5
[02:10:10] Fixed 2 duplicate /gene - psuK_1 psuK_2
[02:10:10] Fixed 2 duplicate /gene - ydiV_1 ydiV_2
[02:10:10] Fixed 2 duplicate /gene - fimH_1 fimH_2
[02:10:10] Fixed 2 duplicate /gene - fixA_1 fixA_2
[02:10:10] Fixed 2 duplicate /gene - dmsB_1 dmsB_2
[02:10:10] Fixed 2 duplicate /gene - icsA_1 icsA_2
[02:10:10] Fixed 2 duplicate /gene - ndhI_1 ndhI_2
[02:10:10] Fixed 2 duplicate /gene - dnaK_1 dnaK_2
[02:10:10] Fixed 2 duplicate /gene - kduD_1 kduD_2
[02:10:10] Fixed 3 duplicate /gene - ldrD_1 ldrD_2 ldrD_3
[02:10:10] Fixed 2 duplicate /gene - ydiF_1 ydiF_2
[02:10:10] Fixed 2 duplicate /gene - kdgK_1 kdgK_2
[02:10:10] Fixed 2 duplicate /gene - gntK_1 gntK_2
[02:10:10] Fixed 2 duplicate /gene - manC1_1 manC1_2
[02:10:10] Fixed 2 duplicate /gene - bioF_1 bioF_2
[02:10:10] Fixed 2 duplicate /gene - gspK_1 gspK_2
[02:10:10] Fixed 2 duplicate /gene - ytfJ_1 ytfJ_2
[02:10:10] Fixed 3 duplicate /gene - ndhB_1 ndhB_2 ndhB_3
[02:10:10] Fixed 2 duplicate /gene - ompD_1 ompD_2
[02:10:10] Fixed 2 duplicate /gene - slp_1 slp_2
[02:10:10] Fixed 2 duplicate /gene - agaC_1 agaC_2
[02:10:10] Fixed 2 duplicate /gene - betB_1 betB_2
[02:10:10] Fixed 2 duplicate /gene - nagK_1 nagK_2
[02:10:10] Fixed 3 duplicate /gene - fdrA_1 fdrA_2 fdrA_3
[02:10:10] Fixed 2 duplicate /gene - araB_1 araB_2
[02:10:10] Fixed 3 duplicate /gene - tdh_1 tdh_2 tdh_3
[02:10:10] Fixed 2 duplicate /gene - blc_1 blc_2
[02:10:10] Fixed 2 duplicate /gene - ccmH_1 ccmH_2
[02:10:10] Fixed 2 duplicate /gene - yicJ_1 yicJ_2
[02:10:10] Fixed 2 duplicate /gene - malP_1 malP_2
[02:10:10] Fixed 4 duplicate /gene - fimD_1 fimD_2 fimD_3 fimD_4
[02:10:10] Fixed 2 duplicate /gene - codB_1 codB_2
[02:10:10] Fixed 2 duplicate /gene - fucA_1 fucA_2
[02:10:10] Fixed 2 duplicate /gene - yihP_1 yihP_2
[02:10:10] Fixed 2 duplicate /gene - deoB_1 deoB_2
[02:10:10] Fixed 2 duplicate /gene - srmB_1 srmB_2
[02:10:10] Fixed 2 duplicate /gene - prfB_1 prfB_2
[02:10:10] Fixed 2 duplicate /gene - acrB_1 acrB_2
[02:10:10] Fixed 2 duplicate /gene - azoR_1 azoR_2
[02:10:10] Fixed 2 duplicate /gene - gntR_1 gntR_2
[02:10:10] Fixed 2 duplicate /gene - prs_1 prs_2
[02:10:10] Fixed 2 duplicate /gene - yhhT_1 yhhT_2
[02:10:10] Fixed 2 duplicate /gene - hycG_1 hycG_2
[02:10:10] Fixed 2 duplicate /gene - cytR_1 cytR_2
[02:10:10] Fixed 2 duplicate /gene - lapB_1 lapB_2
[02:10:10] Fixed 2 duplicate /gene - gatB_1 gatB_2
[02:10:10] Fixed 2 duplicate /gene - dgoK1_1 dgoK1_2
[02:10:10] Fixed 2 duplicate /gene - ysdC_1 ysdC_2
[02:10:10] Fixed 2 duplicate /gene - rob_1 rob_2
[02:10:10] Fixed 2 duplicate /gene - bhsA_1 bhsA_2
[02:10:10] Fixed 2 duplicate /gene - ydjF_1 ydjF_2
[02:10:10] Fixed 2 duplicate /gene - rbsC_1 rbsC_2
[02:10:10] Fixed 2 duplicate /gene - aaeB_1 aaeB_2
[02:10:10] Fixed 2 duplicate /gene - ydgA_1 ydgA_2
[02:10:10] Fixed 3 duplicate /gene - manZ_1 manZ_2 manZ_3
[02:10:10] Fixed 2 duplicate /gene - intS_1 intS_2
[02:10:10] Fixed 2 duplicate /gene - rrrD_1 rrrD_2
[02:10:10] Fixed 2 duplicate /gene - bglF_1 bglF_2
[02:10:10] Fixed 2 duplicate /gene - sgrR_1 sgrR_2
[02:10:10] Fixed 2 duplicate /gene - lon_1 lon_2
[02:10:10] Fixed 2 duplicate /gene - acrR_1 acrR_2
[02:10:10] Fixed 2 duplicate /gene - rsmG_1 rsmG_2
[02:10:10] Fixed 2 duplicate /gene - fryB_1 fryB_2
[02:10:10] Fixed 5 duplicate /gene - hyfA_1 hyfA_2 hyfA_3 hyfA_4 hyfA_5
[02:10:10] Fixed 2 duplicate /gene - oxyR_1 oxyR_2
[02:10:10] Fixed 2 duplicate /gene - yrdA_1 yrdA_2
[02:10:10] Fixed 2 duplicate /gene - sbmC_1 sbmC_2
[02:10:10] Fixed 2 duplicate /gene - flhA_1 flhA_2
[02:10:10] Fixed 2 duplicate /gene - pal_1 pal_2
[02:10:10] Fixed 2 duplicate /gene - hokE_1 hokE_2
[02:10:10] Fixed 2 duplicate /gene - pdeC_1 pdeC_2
[02:10:10] Fixed 2 duplicate /gene - yiaW_1 yiaW_2
[02:10:10] Fixed 2 duplicate /gene - ygcS_1 ygcS_2
[02:10:10] Fixed 2 duplicate /gene - lldR_1 lldR_2
[02:10:10] Fixed 2 duplicate /gene - focC_1 focC_2
[02:10:10] Fixed 2 duplicate /gene - fdnG_1 fdnG_2
[02:10:10] Fixed 2 duplicate /gene - opgE_1 opgE_2
[02:10:10] Fixed 2 duplicate /gene - nagB_1 nagB_2
[02:10:10] Fixed 2 duplicate /gene - xylG_1 xylG_2
[02:10:10] Fixed 3 duplicate /gene - ldrA_1 ldrA_2 ldrA_3
[02:10:10] Fixed 2 duplicate /gene - ybgD_1 ybgD_2
[02:10:10] Fixed 2 duplicate /gene - caiA_1 caiA_2
[02:10:10] Fixed 2 duplicate /gene - yddE_1 yddE_2
[02:10:10] Fixed 2 duplicate /gene - gnsA_1 gnsA_2
[02:10:10] Fixed 2 duplicate /gene - topA_1 topA_2
[02:10:10] Fixed 2 duplicate /gene - cstA_1 cstA_2
[02:10:10] Fixed 4 duplicate /gene - glnQ_1 glnQ_2 glnQ_3 glnQ_4
[02:10:10] Fixed 2 duplicate /gene - fdoG_1 fdoG_2
[02:10:10] Fixed 2 duplicate /gene - purR_1 purR_2
[02:10:10] Fixed 2 duplicate /gene - tal_1 tal_2
[02:10:10] Fixed 2 duplicate /gene - ybiI_1 ybiI_2
[02:10:10] Fixed 2 duplicate /gene - mlc_1 mlc_2
[02:10:10] Fixed 2 duplicate /gene - msbA_1 msbA_2
[02:10:10] Fixed 2 duplicate /gene - mngR_1 mngR_2
[02:10:10] Fixed 2 duplicate /gene - hcaR_1 hcaR_2
[02:10:10] Fixed 2 duplicate /gene - nlpD_1 nlpD_2
[02:10:10] Fixed 2 duplicate /gene - acs_1 acs_2
[02:10:10] Fixed 2 duplicate /gene - creD_1 creD_2
[02:10:10] Fixed 3 duplicate /gene - exuT_1 exuT_2 exuT_3
[02:10:10] Fixed 2 duplicate /gene - caiT_1 caiT_2
[02:10:10] Fixed 2 duplicate /gene - ygdR_1 ygdR_2
[02:10:10] Fixed 2 duplicate /gene - osmY_1 osmY_2
[02:10:10] Fixed 2 duplicate /gene - ydjE_1 ydjE_2
[02:10:10] Fixed 2 duplicate /gene - lgoR_1 lgoR_2
[02:10:10] Fixed 2 duplicate /gene - fruA_1 fruA_2
[02:10:10] Fixed 2 duplicate /gene - trmH_1 trmH_2
[02:10:10] Fixed 2 duplicate /gene - cutC_1 cutC_2
[02:10:10] Fixed 2 duplicate /gene - tmk_1 tmk_2
[02:10:10] Fixed 2 duplicate /gene - gadW_1 gadW_2
[02:10:10] Fixed 2 duplicate /gene - melR_1 melR_2
[02:10:10] Fixed 2 duplicate /gene - proA_1 proA_2
[02:10:10] Fixed 2 duplicate /gene - ubiJ_1 ubiJ_2
[02:10:10] Fixed 2 duplicate /gene - rbsA_1 rbsA_2
[02:10:10] Fixed 3 duplicate /gene - btuD_1 btuD_2 btuD_3
[02:10:10] Fixed 2 duplicate /gene - gfcB_1 gfcB_2
[02:10:10] Fixed 2 duplicate /gene - fabG_1 fabG_2
[02:10:10] Fixed 2 duplicate /gene - sapB_1 sapB_2
[02:10:10] Fixed 2 duplicate /gene - algC_1 algC_2
[02:10:10] Fixed 3 duplicate /gene - arnC_1 arnC_2 arnC_3
[02:10:10] Fixed 2 duplicate /gene - gadB_1 gadB_2
[02:10:10] Fixed 2 duplicate /gene - rutB_1 rutB_2
[02:10:10] Fixed 2 duplicate /gene - epsF_1 epsF_2
[02:10:10] Fixed 2 duplicate /gene - intA_1 intA_2
[02:10:10] Fixed 2 duplicate /gene - bglH_1 bglH_2
[02:10:10] Fixed 2 duplicate /gene - era_1 era_2
[02:10:10] Fixed 3 duplicate /gene - cynR_1 cynR_2 cynR_3
[02:10:10] Fixed 2 duplicate /gene - mepS_1 mepS_2
[02:10:10] Fixed 2 duplicate /gene - hlyE_1 hlyE_2
[02:10:10] Fixed 2 duplicate /gene - gstB_1 gstB_2
[02:10:10] Fixed 2 duplicate /gene - gltC_1 gltC_2
[02:10:10] Fixed 3 duplicate /gene - fixB_1 fixB_2 fixB_3
[02:10:10] Fixed 2 duplicate /gene - hdfR_1 hdfR_2
[02:10:10] Fixed 2 duplicate /gene - ftsA_1 ftsA_2
[02:10:10] Fixed 5 duplicate /gene - dmlR_1 dmlR_2 dmlR_3 dmlR_4 dmlR_5
[02:10:10] Fixed 3 duplicate /gene - ydcV_1 ydcV_2 ydcV_3
[02:10:10] Fixed 2 duplicate /gene - narL_1 narL_2
[02:10:10] Fixed 2 duplicate /gene - mglA_1 mglA_2
[02:10:10] Fixed 2 duplicate /gene - dgoA_1 dgoA_2
[02:10:10] Fixed 2 duplicate /gene - gadX_1 gadX_2
[02:10:10] Fixed 2 duplicate /gene - acpP_1 acpP_2
[02:10:10] Fixed 2 duplicate /gene - aaeA_1 aaeA_2
[02:10:10] Fixed 6 duplicate /gene - rhaR_1 rhaR_2 rhaR_3 rhaR_4 rhaR_5 rhaR_6
[02:10:10] Fixed 2 duplicate /gene - aspT_1 aspT_2
[02:10:10] Fixed 2 duplicate /gene - lutA_1 lutA_2
[02:10:10] Fixed 3 duplicate /gene - norR_1 norR_2 norR_3
[02:10:10] Fixed 2 duplicate /gene - yibA_1 yibA_2
[02:10:10] Fixed 2 duplicate /gene - chuR_1 chuR_2
[02:10:10] Fixed 4 duplicate /gene - arcC1_1 arcC1_2 arcC1_3 arcC1_4
[02:10:10] Fixed 2 duplicate /gene - rpe_1 rpe_2
[02:10:10] Fixed 2 duplicate /gene - fimF_1 fimF_2
[02:10:10] Fixed 2 duplicate /gene - lptB_1 lptB_2
[02:10:10] Fixed 2 duplicate /gene - ccmF_1 ccmF_2
[02:10:10] Fixed 2 duplicate /gene - murR_1 murR_2
[02:10:10] Fixed 3 duplicate /gene - pncC_1 pncC_2 pncC_3
[02:10:10] Fixed 2 duplicate /gene - fimG_1 fimG_2
[02:10:10] Fixed 2 duplicate /gene - intQ_1 intQ_2
[02:10:10] Fixed 2 duplicate /gene - ydiM_1 ydiM_2
[02:10:10] Fixed 3 duplicate /gene - fixX_1 fixX_2 fixX_3
[02:10:10] Fixed 3 duplicate /gene - potA_1 potA_2 potA_3
[02:10:10] Fixed 2 duplicate /gene - pspB_1 pspB_2
[02:10:10] Fixed 2 duplicate /gene - argE_1 argE_2
[02:10:10] Fixed 2 duplicate /gene - btuB_1 btuB_2
[02:10:10] Fixed 2 duplicate /gene - lolD_1 lolD_2
[02:10:10] Fixed 2 duplicate /gene - yhcH_1 yhcH_2
[02:10:10] Fixed 2 duplicate /gene - pdhR_1 pdhR_2
[02:10:10] Fixed 2 duplicate /gene - ftnA_1 ftnA_2
[02:10:10] Fixed 2 duplicate /gene - manX_1 manX_2
[02:10:10] Fixed 2 duplicate /gene - leuC_1 leuC_2
[02:10:10] Fixed 2 duplicate /gene - rlhA_1 rlhA_2
[02:10:10] Fixed 2 duplicate /gene - dcuD_1 dcuD_2
[02:10:10] Fixed 216 colliding /gene names.
[02:10:10] Adding /locus_tag identifiers
[02:10:10] Assigned 4282 locus_tags to CDS and RNA features.
[02:10:10] Writing outputs to 03_annotation/prokka_evol/
[02:10:16] Generating annotation statistics file
[02:10:16] Generating Genbank and Sequin files
[02:10:16] Running: tbl2asn -V b -a r10k -l paired-ends -M n -N 1 -y 'Annotated using prokka 1.14.6 from https://github.com/tseemann/prokka' -Z 03_annotation\/prokka_evol\/PROKKA_11072022\.err -i 03_annotation\/prokka_evol\/PROKKA_11072022\.fsa 2> /dev/null
[02:10:37] Deleting unwanted file: 03_annotation/prokka_evol/errorsummary.val
[02:10:37] Deleting unwanted file: 03_annotation/prokka_evol/PROKKA_11072022.dr
[02:10:37] Deleting unwanted file: 03_annotation/prokka_evol/PROKKA_11072022.fixedproducts
[02:10:37] Deleting unwanted file: 03_annotation/prokka_evol/PROKKA_11072022.ecn
[02:10:37] Deleting unwanted file: 03_annotation/prokka_evol/PROKKA_11072022.val
[02:10:37] Repairing broken .GBK output that tbl2asn produces...
[02:10:37] Running: sed 's/COORDINATES: profile/COORDINATES:profile/' < 03_annotation\/prokka_evol\/PROKKA_11072022\.gbf > 03_annotation\/prokka_evol\/PROKKA_11072022\.gbk
[02:10:37] Deleting unwanted file: 03_annotation/prokka_evol/PROKKA_11072022.gbf
[02:10:37] Output files:
[02:10:37] 03_annotation/prokka_evol/PROKKA_11072022.txt
[02:10:37] 03_annotation/prokka_evol/PROKKA_11072022.faa
[02:10:37] 03_annotation/prokka_evol/PROKKA_11072022.fsa
[02:10:37] 03_annotation/prokka_evol/PROKKA_11072022.gff
[02:10:37] 03_annotation/prokka_evol/PROKKA_11072022.tbl
[02:10:37] 03_annotation/prokka_evol/PROKKA_11072022.gbk
[02:10:37] 03_annotation/prokka_evol/PROKKA_11072022.err
[02:10:37] 03_annotation/prokka_evol/PROKKA_11072022.sqn
[02:10:37] 03_annotation/prokka_evol/PROKKA_11072022.fna
[02:10:37] 03_annotation/prokka_evol/PROKKA_11072022.ffn
[02:10:37] 03_annotation/prokka_evol/PROKKA_11072022.tsv
[02:10:37] 03_annotation/prokka_evol/PROKKA_11072022.log
[02:10:37] Annotation finished successfully.
[02:10:37] Walltime used: 3.58 minutes
[02:10:37] If you use this result please cite the Prokka paper:
[02:10:37] Seemann T (2014) Prokka: rapid prokaryotic genome annotation. Bioinformatics. 30(14):2068-9.
[02:10:37] Type 'prokka --citation' for more details.
[02:10:37] Share and enjoy!
